Using pre-set license
Built from '6000.0/staging' branch; Version is '6000.0.36f1 (9fe3b5f71dbb) revision 10478517'; Using compiler version '193933523'; Build Type 'Release'
OS: 'Windows 11  (10.0.26100) 64bit Core' Language: 'en' Physical Memory: 32471 MB
BatchMode: 1, IsHumanControllingUs: 0, StartBugReporterOnCrash: 0, Is64bit: 1, IsPro: 1

COMMAND LINE ARGUMENTS:
C:\Program Files\Unity\Hub\Editor\6000.0.36f1\Editor\Unity.exe
-adb2
-batchMode
-noUpm
-name
AssetImportWorker3
-projectPath
C:/Users/mattc/Desktop/Advanced Game Design Project/AdvGameDesign
-logFile
Logs/AssetImportWorker3.log
-srvPort
49972
-job-worker-count
7
-background-job-worker-count
8
-gc-helper-count
1
Successfully changed project path to: C:/Users/mattc/Desktop/Advanced Game Design Project/AdvGameDesign
C:/Users/mattc/Desktop/Advanced Game Design Project/AdvGameDesign
[UnityMemory] Configuration Parameters - Can be set up in boot.config
    "memorysetup-bucket-allocator-granularity=16"
    "memorysetup-bucket-allocator-bucket-count=8"
    "memorysetup-bucket-allocator-block-size=33554432"
    "memorysetup-bucket-allocator-block-count=8"
    "memorysetup-main-allocator-block-size=16777216"
    "memorysetup-thread-allocator-block-size=16777216"
    "memorysetup-gfx-main-allocator-block-size=16777216"
    "memorysetup-gfx-thread-allocator-block-size=16777216"
    "memorysetup-cache-allocator-block-size=4194304"
    "memorysetup-typetree-allocator-block-size=2097152"
    "memorysetup-profiler-bucket-allocator-granularity=16"
    "memorysetup-profiler-bucket-allocator-bucket-count=8"
    "memorysetup-profiler-bucket-allocator-block-size=33554432"
    "memorysetup-profiler-bucket-allocator-block-count=8"
    "memorysetup-profiler-allocator-block-size=16777216"
    "memorysetup-profiler-editor-allocator-block-size=1048576"
    "memorysetup-temp-allocator-size-main=16777216"
    "memorysetup-job-temp-allocator-block-size=2097152"
    "memorysetup-job-temp-allocator-block-size-background=1048576"
    "memorysetup-job-temp-allocator-reduction-small-platforms=262144"
    "memorysetup-allocator-temp-initial-block-size-main=262144"
    "memorysetup-allocator-temp-initial-block-size-worker=262144"
    "memorysetup-temp-allocator-size-background-worker=32768"
    "memorysetup-temp-allocator-size-job-worker=262144"
    "memorysetup-temp-allocator-size-preload-manager=33554432"
    "memorysetup-temp-allocator-size-nav-mesh-worker=65536"
    "memorysetup-temp-allocator-size-audio-worker=65536"
    "memorysetup-temp-allocator-size-cloud-worker=32768"
    "memorysetup-temp-allocator-size-gi-baking-worker=262144"
    "memorysetup-temp-allocator-size-gi-baking-worker=262144"
    "memorysetup-temp-allocator-size-gi-baking-worker=262144"
    "memorysetup-temp-allocator-size-gi-baking-worker=262144"
    "memorysetup-temp-allocator-size-gi-baking-worker=262144"
    "memorysetup-temp-allocator-size-gfx=262144"
Player connection [47112]  Target information:

Player connection [47112]  * "[IP] 11.97.0.62 [Port] 0 [Flags] 2 [Guid] 3279009822 [EditorId] 3279009822 [Version] 1048832 [Id] WindowsEditor(7,MSI) [Debug] 1 [PackageName] WindowsEditor [ProjectName] Editor" 

Player connection [47112] Host joined multi-casting on [225.0.0.222:54997]...
Player connection [47112] Host joined alternative multi-casting on [225.0.0.222:34997]...
JobSystem: Creating JobQueue using job-worker-count value 7
Input System module state changed to: Initialized.
[Physics::Module] Initialized fallback backend.
[Physics::Module] Id: 0xdecafbad
Library Redirect Path: Library/
[Physics::Module] Selected backend.
[Physics::Module] Name: PhysX
[Physics::Module] Id: 0xf2b8ea05
[Physics::Module] SDK Version: 4.1.2
[Physics::Module] Integration Version: 1.0.0
[Physics::Module] Threading Mode: Multi-Threaded
Refreshing native plugins compatible for Editor in 1.86 ms, found 3 plugins.
Preloading 0 native plugins for Editor in 0.00 ms.
Initialize engine version: 6000.0.36f1 (9fe3b5f71dbb)
[Subsystems] Discovering subsystems at path C:/Program Files/Unity/Hub/Editor/6000.0.36f1/Editor/Data/Resources/UnitySubsystems
[Subsystems] Discovering subsystems at path C:/Users/mattc/Desktop/Advanced Game Design Project/AdvGameDesign/Assets
GfxDevice: creating device client; kGfxThreadingModeNonThreaded
Direct3D:
    Version:  Direct3D 11.0 [level 11.1]
    Renderer: NVIDIA GeForce RTX 4050 Laptop GPU (ID=0x28a1)
    Vendor:   NVIDIA
    VRAM:     5921 MB
    Driver:   32.0.15.7216
Initialize mono
Mono path[0] = 'C:/Program Files/Unity/Hub/Editor/6000.0.36f1/Editor/Data/Managed'
Mono path[1] = 'C:/Program Files/Unity/Hub/Editor/6000.0.36f1/Editor/Data/MonoBleedingEdge/lib/mono/unityjit-win32'
Mono config path = 'C:/Program Files/Unity/Hub/Editor/6000.0.36f1/Editor/Data/MonoBleedingEdge/etc'
Using monoOptions --debugger-agent=transport=dt_socket,embedding=1,server=y,suspend=n,address=127.0.0.1:56004
Begin MonoManager ReloadAssembly
Registering precompiled unity dll's ...
Register platform support module: C:/Program Files/Unity/Hub/Editor/6000.0.36f1/Editor/Data/PlaybackEngines/WebGLSupport/UnityEditor.WebGL.Extensions.dll
Register platform support module: C:/Program Files/Unity/Hub/Editor/6000.0.36f1/Editor/Data/PlaybackEngines/WindowsStandaloneSupport/UnityEditor.WindowsStandalone.Extensions.dll
Registered in 0.004828 seconds.
- Loaded All Assemblies, in  0.486 seconds
Native extension for WindowsStandalone target not found
Native extension for WebGL target not found
Mono: successfully reloaded assembly
- Finished resetting the current domain, in  0.372 seconds
Domain Reload Profiling: 856ms
	BeginReloadAssembly (151ms)
		ExecutionOrderSort (0ms)
		DisableScriptedObjects (0ms)
		BackupInstance (0ms)
		ReleaseScriptingObjects (0ms)
		CreateAndSetChildDomain (1ms)
	RebuildCommonClasses (52ms)
	RebuildNativeTypeToScriptingClass (22ms)
	initialDomainReloadingComplete (62ms)
	LoadAllAssembliesAndSetupDomain (196ms)
		LoadAssemblies (147ms)
		RebuildTransferFunctionScriptingTraits (0ms)
		AnalyzeDomain (192ms)
			TypeCache.Refresh (190ms)
				TypeCache.ScanAssembly (176ms)
			BuildScriptInfoCaches (0ms)
			ResolveRequiredComponents (1ms)
	FinalizeReload (372ms)
		ReleaseScriptCaches (0ms)
		RebuildScriptCaches (0ms)
		SetupLoadedEditorAssemblies (328ms)
			LogAssemblyErrors (0ms)
			InitializePlatformSupportModulesInManaged (30ms)
			SetLoadedEditorAssemblies (5ms)
			BeforeProcessingInitializeOnLoad (61ms)
			ProcessInitializeOnLoadAttributes (177ms)
			ProcessInitializeOnLoadMethodAttributes (55ms)
			AfterProcessingInitializeOnLoad (0ms)
			EditorAssembliesLoaded (0ms)
		ExecutionOrderSort2 (0ms)
		AwakeInstancesAfterBackupRestoration (0ms)
========================================================================
Worker process is ready to serve import requests
Import Worker Mode flag is 0x00
Begin MonoManager ReloadAssembly
- Loaded All Assemblies, in  1.042 seconds
Refreshing native plugins compatible for Editor in 2.79 ms, found 3 plugins.
Native extension for WindowsStandalone target not found
Native extension for WebGL target not found
Mono: successfully reloaded assembly
- Finished resetting the current domain, in  0.811 seconds
Domain Reload Profiling: 1851ms
	BeginReloadAssembly (311ms)
		ExecutionOrderSort (0ms)
		DisableScriptedObjects (8ms)
		BackupInstance (0ms)
		ReleaseScriptingObjects (0ms)
		CreateAndSetChildDomain (50ms)
	RebuildCommonClasses (46ms)
	RebuildNativeTypeToScriptingClass (19ms)
	initialDomainReloadingComplete (41ms)
	LoadAllAssembliesAndSetupDomain (622ms)
		LoadAssemblies (567ms)
		RebuildTransferFunctionScriptingTraits (0ms)
		AnalyzeDomain (243ms)
			TypeCache.Refresh (197ms)
				TypeCache.ScanAssembly (181ms)
			BuildScriptInfoCaches (34ms)
			ResolveRequiredComponents (6ms)
	FinalizeReload (812ms)
		ReleaseScriptCaches (0ms)
		RebuildScriptCaches (0ms)
		SetupLoadedEditorAssemblies (594ms)
			LogAssemblyErrors (0ms)
			InitializePlatformSupportModulesInManaged (5ms)
			SetLoadedEditorAssemblies (6ms)
			BeforeProcessingInitializeOnLoad (100ms)
			ProcessInitializeOnLoadAttributes (445ms)
			ProcessInitializeOnLoadMethodAttributes (31ms)
			AfterProcessingInitializeOnLoad (8ms)
			EditorAssembliesLoaded (0ms)
		ExecutionOrderSort2 (0ms)
		AwakeInstancesAfterBackupRestoration (7ms)
Launched and connected shader compiler UnityShaderCompiler.exe after 0.05 seconds
Refreshing native plugins compatible for Editor in 1.80 ms, found 3 plugins.
Preloading 0 native plugins for Editor in 0.00 ms.
Unloading 8 Unused Serialized files (Serialized files now loaded: 0)
Unloading 3682 unused Assets / (1.1 MB). Loaded Objects now: 4170.
Memory consumption went from 83.4 MB to 82.3 MB.
Total: 7.466800 ms (FindLiveObjects: 0.358200 ms CreateObjectMapping: 0.292500 ms MarkObjects: 5.669400 ms  DeleteObjects: 1.145400 ms)

========================================================================
Received Import Request.
  Time since last request: 43998.113613 seconds.
  path: Assets/kenney_voxel-pack/PNG/Items/axe_diamond.png
  artifactKey: Guid(1db95645ee88a74488125df45db17d0c) Importer(815301076,1909f56bfc062723c751e8b465ee728b)
Start importing Assets/kenney_voxel-pack/PNG/Items/axe_diamond.png using Guid(1db95645ee88a74488125df45db17d0c) Importer(815301076,1909f56bfc062723c751e8b465ee728b) (PreviewImporter) -> (artifact id: '361952bba91869453119ea6f41d6f79b') in 0.1212875 seconds
Number of updated asset objects reloaded before import = 0Number of asset objects unloaded after import = 2

========================================================================
Received Import Request.
  Time since last request: 0.000019 seconds.
  path: Assets/kenney_voxel-pack/PNG/Items/ore_ironAlt.png
  artifactKey: Guid(2e69d56d61167734fa0559862ff9aa80) Importer(815301076,1909f56bfc062723c751e8b465ee728b)
Start importing Assets/kenney_voxel-pack/PNG/Items/ore_ironAlt.png using Guid(2e69d56d61167734fa0559862ff9aa80) Importer(815301076,1909f56bfc062723c751e8b465ee728b) (PreviewImporter) -> (artifact id: 'ac9b9030ca066c5eb597e30f1dcdab6a') in 0.0252147 seconds
Number of updated asset objects reloaded before import = 0Number of asset objects unloaded after import = 2

========================================================================
Received Import Request.
  Time since last request: 0.000127 seconds.
  path: Assets/kenney_voxel-pack/PNG/Items/flail_silver.png
  artifactKey: Guid(84510198850249f46b6dbb363fb2bfa1) Importer(815301076,1909f56bfc062723c751e8b465ee728b)
Start importing Assets/kenney_voxel-pack/PNG/Items/flail_silver.png using Guid(84510198850249f46b6dbb363fb2bfa1) Importer(815301076,1909f56bfc062723c751e8b465ee728b) (PreviewImporter) -> (artifact id: 'c7c2bdebedead86a83459533e1c28031') in 0.026985 seconds
Number of updated asset objects reloaded before import = 0Number of asset objects unloaded after import = 2

========================================================================
Received Import Request.
  Time since last request: 0.000151 seconds.
  path: Assets/kenney_voxel-pack/PNG/Items/minecart.png
  artifactKey: Guid(3cab90c658b69fc41a4a15d86812e4c8) Importer(815301076,1909f56bfc062723c751e8b465ee728b)
Start importing Assets/kenney_voxel-pack/PNG/Items/minecart.png using Guid(3cab90c658b69fc41a4a15d86812e4c8) Importer(815301076,1909f56bfc062723c751e8b465ee728b) (PreviewImporter) -> (artifact id: 'dd230d463b0cdd48936d983cef334e2c') in 0.0228037 seconds
Number of updated asset objects reloaded before import = 0Number of asset objects unloaded after import = 2

========================================================================
Received Import Request.
  Time since last request: 0.000029 seconds.
  path: Assets/kenney_voxel-pack/PNG/Items/hoe_silver.png
  artifactKey: Guid(b26815bfedce0de49956681369652a4a) Importer(815301076,1909f56bfc062723c751e8b465ee728b)
Start importing Assets/kenney_voxel-pack/PNG/Items/hoe_silver.png using Guid(b26815bfedce0de49956681369652a4a) Importer(815301076,1909f56bfc062723c751e8b465ee728b) (PreviewImporter) -> (artifact id: '6ae473ef029dc1e88793fa339b20d54c') in 0.0235963 seconds
Number of updated asset objects reloaded before import = 0Number of asset objects unloaded after import = 2

========================================================================
Received Import Request.
  Time since last request: 0.000144 seconds.
  path: Assets/kenney_voxel-pack/PNG/Items/hoe_bronze.png
  artifactKey: Guid(da41b707a42983241835d1fa99a0b4f2) Importer(815301076,1909f56bfc062723c751e8b465ee728b)
Start importing Assets/kenney_voxel-pack/PNG/Items/hoe_bronze.png using Guid(da41b707a42983241835d1fa99a0b4f2) Importer(815301076,1909f56bfc062723c751e8b465ee728b) (PreviewImporter) -> (artifact id: 'f9a99d48ab0929ff4c06d7b82b7744e5') in 0.0257762 seconds
Number of updated asset objects reloaded before import = 0Number of asset objects unloaded after import = 2

========================================================================
Received Import Request.
  Time since last request: 0.000059 seconds.
  path: Assets/kenney_voxel-pack/PNG/Items/ore_silver.png
  artifactKey: Guid(929542765d069db419f856ea2e621fe8) Importer(815301076,1909f56bfc062723c751e8b465ee728b)
Start importing Assets/kenney_voxel-pack/PNG/Items/ore_silver.png using Guid(929542765d069db419f856ea2e621fe8) Importer(815301076,1909f56bfc062723c751e8b465ee728b) (PreviewImporter) -> (artifact id: '727a6f241dd8e82d949c725de5e55d19') in 0.0264565 seconds
Number of updated asset objects reloaded before import = 0Number of asset objects unloaded after import = 2

========================================================================
Received Import Request.
  Time since last request: 0.000023 seconds.
  path: Assets/kenney_voxel-pack/PNG/Items/axe_silver.png
  artifactKey: Guid(51e65960c1660da4dbeab860dbd07ce0) Importer(815301076,1909f56bfc062723c751e8b465ee728b)
Start importing Assets/kenney_voxel-pack/PNG/Items/axe_silver.png using Guid(51e65960c1660da4dbeab860dbd07ce0) Importer(815301076,1909f56bfc062723c751e8b465ee728b) (PreviewImporter) -> (artifact id: 'ba98b7d6aaf6c21a87a9700dab45e218') in 0.0251366 seconds
Number of updated asset objects reloaded before import = 0Number of asset objects unloaded after import = 2

========================================================================
Received Import Request.
  Time since last request: 0.000064 seconds.
  path: Assets/kenney_voxel-pack/PNG/Items/bowl.png
  artifactKey: Guid(3718b60c6a1bfbd4496d51bfa472225c) Importer(815301076,1909f56bfc062723c751e8b465ee728b)
Start importing Assets/kenney_voxel-pack/PNG/Items/bowl.png using Guid(3718b60c6a1bfbd4496d51bfa472225c) Importer(815301076,1909f56bfc062723c751e8b465ee728b) (PreviewImporter) -> (artifact id: '3663f7fa7469316f0527cedebb1cc17f') in 0.0271686 seconds
Number of updated asset objects reloaded before import = 0Number of asset objects unloaded after import = 2

========================================================================
Received Import Request.
  Time since last request: 3.655250 seconds.
  path: Assets/kenney_voxel-pack/PNG/Items/sword_gold.png
  artifactKey: Guid(0c4b5a7673cbfea4db4de83e983f8b4a) Importer(815301076,1909f56bfc062723c751e8b465ee728b)
Start importing Assets/kenney_voxel-pack/PNG/Items/sword_gold.png using Guid(0c4b5a7673cbfea4db4de83e983f8b4a) Importer(815301076,1909f56bfc062723c751e8b465ee728b) (PreviewImporter) -> (artifact id: '1ff283fafd7d384085b83947d8f18031') in 0.0538856 seconds
Number of updated asset objects reloaded before import = 0Number of asset objects unloaded after import = 2

========================================================================
Received Import Request.
  Time since last request: 0.000090 seconds.
  path: Assets/kenney_voxel-pack/PNG/Items/wheat.png
  artifactKey: Guid(fe6cf612e7167384dac8095ed585e448) Importer(815301076,1909f56bfc062723c751e8b465ee728b)
Start importing Assets/kenney_voxel-pack/PNG/Items/wheat.png using Guid(fe6cf612e7167384dac8095ed585e448) Importer(815301076,1909f56bfc062723c751e8b465ee728b) (PreviewImporter) -> (artifact id: '99c724c974829f8a66a10afba7522109') in 0.0282722 seconds
Number of updated asset objects reloaded before import = 0Number of asset objects unloaded after import = 2

========================================================================
Received Import Request.
  Time since last request: 59.273025 seconds.
  path: Assets/kenney_voxel-pack/PNG/Items/axe_diamond.png
  artifactKey: Guid(1db95645ee88a74488125df45db17d0c) Importer(815301076,1909f56bfc062723c751e8b465ee728b)
Start importing Assets/kenney_voxel-pack/PNG/Items/axe_diamond.png using Guid(1db95645ee88a74488125df45db17d0c) Importer(815301076,1909f56bfc062723c751e8b465ee728b) (PreviewImporter) -> (artifact id: '5b3bd7468b1bfb96ba9dee1a927e41df') in 0.0358644 seconds
Number of updated asset objects reloaded before import = 0Number of asset objects unloaded after import = 2

========================================================================
Received Import Request.
  Time since last request: 0.000037 seconds.
  path: Assets/kenney_voxel-pack/PNG/Items/axe_gold.png
  artifactKey: Guid(7569f6dfe25d3254fa90e69cc9266abd) Importer(815301076,1909f56bfc062723c751e8b465ee728b)
Start importing Assets/kenney_voxel-pack/PNG/Items/axe_gold.png using Guid(7569f6dfe25d3254fa90e69cc9266abd) Importer(815301076,1909f56bfc062723c751e8b465ee728b) (PreviewImporter) -> (artifact id: 'f39935f041dad97c891b3693f8951d74') in 0.0372318 seconds
Number of updated asset objects reloaded before import = 0Number of asset objects unloaded after import = 2

========================================================================
Received Import Request.
  Time since last request: 0.000213 seconds.
  path: Assets/kenney_voxel-pack/PNG/Items/hammer_iron.png
  artifactKey: Guid(fff1e63d3eee5b3428fd4c6e3a1db71e) Importer(815301076,1909f56bfc062723c751e8b465ee728b)
Start importing Assets/kenney_voxel-pack/PNG/Items/hammer_iron.png using Guid(fff1e63d3eee5b3428fd4c6e3a1db71e) Importer(815301076,1909f56bfc062723c751e8b465ee728b) (PreviewImporter) -> (artifact id: '6cdb8cf0fef231c780c2ca8868e141cf') in 0.0293484 seconds
Number of updated asset objects reloaded before import = 0Number of asset objects unloaded after import = 2

========================================================================
Received Import Request.
  Time since last request: 0.000074 seconds.
  path: Assets/kenney_voxel-pack/PNG/Items/ore_diamond.png
  artifactKey: Guid(c580f3fec37f52e4783d5969f12fb659) Importer(815301076,1909f56bfc062723c751e8b465ee728b)
Start importing Assets/kenney_voxel-pack/PNG/Items/ore_diamond.png using Guid(c580f3fec37f52e4783d5969f12fb659) Importer(815301076,1909f56bfc062723c751e8b465ee728b) (PreviewImporter) -> (artifact id: '1617877557f2d9d8e18b33bd2a9745e4') in 0.0321725 seconds
Number of updated asset objects reloaded before import = 0Number of asset objects unloaded after import = 2

========================================================================
Received Import Request.
  Time since last request: 0.000064 seconds.
  path: Assets/kenney_voxel-pack/PNG/Items/pick_diamond.png
  artifactKey: Guid(89983331f6e6e1c459ed1d6d3405a2a2) Importer(815301076,1909f56bfc062723c751e8b465ee728b)
Start importing Assets/kenney_voxel-pack/PNG/Items/pick_diamond.png using Guid(89983331f6e6e1c459ed1d6d3405a2a2) Importer(815301076,1909f56bfc062723c751e8b465ee728b) (PreviewImporter) -> (artifact id: '39c04cc64430d8f36259050b1f5b0038') in 0.0436918 seconds
Number of updated asset objects reloaded before import = 0Number of asset objects unloaded after import = 2

========================================================================
Received Import Request.
  Time since last request: 0.000023 seconds.
  path: Assets/kenney_voxel-pack/PNG/Items/ore_coal.png
  artifactKey: Guid(7c0fcf42b2863b940a8f3750bca3e0c2) Importer(815301076,1909f56bfc062723c751e8b465ee728b)
Start importing Assets/kenney_voxel-pack/PNG/Items/ore_coal.png using Guid(7c0fcf42b2863b940a8f3750bca3e0c2) Importer(815301076,1909f56bfc062723c751e8b465ee728b) (PreviewImporter) -> (artifact id: 'd45724993d759e15c981cc24f5678c16') in 0.0255888 seconds
Number of updated asset objects reloaded before import = 0Number of asset objects unloaded after import = 2

========================================================================
Received Import Request.
  Time since last request: 0.000032 seconds.
  path: Assets/kenney_voxel-pack/PNG/Items/bowArrow.png
  artifactKey: Guid(f416add64a0eed9488cc189ccbe60aea) Importer(815301076,1909f56bfc062723c751e8b465ee728b)
Start importing Assets/kenney_voxel-pack/PNG/Items/bowArrow.png using Guid(f416add64a0eed9488cc189ccbe60aea) Importer(815301076,1909f56bfc062723c751e8b465ee728b) (PreviewImporter) -> (artifact id: 'a10648ab9b6768077ce03744096cc9f3') in 0.0355823 seconds
Number of updated asset objects reloaded before import = 0Number of asset objects unloaded after import = 2

========================================================================
Received Import Request.
  Time since last request: 0.000024 seconds.
  path: Assets/kenney_voxel-pack/PNG/Items/shovel_gold.png
  artifactKey: Guid(f648ace94c936e34197741af511fa4ac) Importer(815301076,1909f56bfc062723c751e8b465ee728b)
Start importing Assets/kenney_voxel-pack/PNG/Items/shovel_gold.png using Guid(f648ace94c936e34197741af511fa4ac) Importer(815301076,1909f56bfc062723c751e8b465ee728b) (PreviewImporter) -> (artifact id: 'a7d1f815528330f921ebf7a4dd080639') in 0.0238445 seconds
Number of updated asset objects reloaded before import = 0Number of asset objects unloaded after import = 2

========================================================================
Received Import Request.
  Time since last request: 0.000054 seconds.
  path: Assets/kenney_voxel-pack/PNG/Items/hammer_bronze.png
  artifactKey: Guid(de67c6e45f9fbec4d85a8f9d5ebdaad1) Importer(815301076,1909f56bfc062723c751e8b465ee728b)
Start importing Assets/kenney_voxel-pack/PNG/Items/hammer_bronze.png using Guid(de67c6e45f9fbec4d85a8f9d5ebdaad1) Importer(815301076,1909f56bfc062723c751e8b465ee728b) (PreviewImporter) -> (artifact id: '78b4276357fa0c9f8e54c732f222f9d5') in 0.0215026 seconds
Number of updated asset objects reloaded before import = 0Number of asset objects unloaded after import = 2

========================================================================
Received Import Request.
  Time since last request: 0.000076 seconds.
  path: Assets/kenney_voxel-pack/PNG/Items/fishingPole.png
  artifactKey: Guid(bd4dc0745f2496247b53616df5a54b71) Importer(815301076,1909f56bfc062723c751e8b465ee728b)
Start importing Assets/kenney_voxel-pack/PNG/Items/fishingPole.png using Guid(bd4dc0745f2496247b53616df5a54b71) Importer(815301076,1909f56bfc062723c751e8b465ee728b) (PreviewImporter) -> (artifact id: '7ccc4fa7d528e66af66d8702523cc1d0') in 0.025839 seconds
Number of updated asset objects reloaded before import = 0Number of asset objects unloaded after import = 2

========================================================================
Received Import Request.
  Time since last request: 0.604750 seconds.
  path: Assets/kenney_voxel-pack/PNG/Items/sword_gold.png
  artifactKey: Guid(0c4b5a7673cbfea4db4de83e983f8b4a) Importer(815301076,1909f56bfc062723c751e8b465ee728b)
Start importing Assets/kenney_voxel-pack/PNG/Items/sword_gold.png using Guid(0c4b5a7673cbfea4db4de83e983f8b4a) Importer(815301076,1909f56bfc062723c751e8b465ee728b) (PreviewImporter) -> (artifact id: '62ffd8e4171677dff38d907656ecfdd7') in 0.070987 seconds
Number of updated asset objects reloaded before import = 0Number of asset objects unloaded after import = 2

========================================================================
Received Import Request.
  Time since last request: 39.726134 seconds.
  path: Assets/kenney_voxel-pack/PNG/Items/hoe_iron.png
  artifactKey: Guid(be040b33b959f1c4c99740db7c5598d0) Importer(815301076,1909f56bfc062723c751e8b465ee728b)
Start importing Assets/kenney_voxel-pack/PNG/Items/hoe_iron.png using Guid(be040b33b959f1c4c99740db7c5598d0) Importer(815301076,1909f56bfc062723c751e8b465ee728b) (PreviewImporter) -> (artifact id: '819a669f3588151cdd1dd22e1eb6c2ca') in 0.0109011 seconds
Number of updated asset objects reloaded before import = 0Number of asset objects unloaded after import = 2

========================================================================
Received Import Request.
  Time since last request: 0.000036 seconds.
  path: Assets/kenney_voxel-pack/PNG/Items/shovel_iron.png
  artifactKey: Guid(984fc6c634d9526438e2171b6055dc2e) Importer(815301076,1909f56bfc062723c751e8b465ee728b)
Start importing Assets/kenney_voxel-pack/PNG/Items/shovel_iron.png using Guid(984fc6c634d9526438e2171b6055dc2e) Importer(815301076,1909f56bfc062723c751e8b465ee728b) (PreviewImporter) -> (artifact id: 'ba5349af0f593d33afaf2234d320f285') in 0.0097059 seconds
Number of updated asset objects reloaded before import = 0Number of asset objects unloaded after import = 2

========================================================================
Received Import Request.
  Time since last request: 0.000031 seconds.
  path: Assets/kenney_voxel-pack/PNG/Items/ore_ironAlt.png
  artifactKey: Guid(2e69d56d61167734fa0559862ff9aa80) Importer(815301076,1909f56bfc062723c751e8b465ee728b)
Start importing Assets/kenney_voxel-pack/PNG/Items/ore_ironAlt.png using Guid(2e69d56d61167734fa0559862ff9aa80) Importer(815301076,1909f56bfc062723c751e8b465ee728b) (PreviewImporter) -> (artifact id: '2b8b130f321389c30f1eee599c1687e1') in 0.0078706 seconds
Number of updated asset objects reloaded before import = 0Number of asset objects unloaded after import = 2

========================================================================
Received Import Request.
  Time since last request: 0.000081 seconds.
  path: Assets/kenney_voxel-pack/PNG/Items/pick_diamond.png
  artifactKey: Guid(89983331f6e6e1c459ed1d6d3405a2a2) Importer(815301076,1909f56bfc062723c751e8b465ee728b)
Start importing Assets/kenney_voxel-pack/PNG/Items/pick_diamond.png using Guid(89983331f6e6e1c459ed1d6d3405a2a2) Importer(815301076,1909f56bfc062723c751e8b465ee728b) (PreviewImporter) -> (artifact id: '92e728deb0abeee6d1d77fc25dd22793') in 0.0097777 seconds
Number of updated asset objects reloaded before import = 0Number of asset objects unloaded after import = 2

========================================================================
Received Import Request.
  Time since last request: 0.000030 seconds.
  path: Assets/kenney_voxel-pack/PNG/Items/minecart.png
  artifactKey: Guid(3cab90c658b69fc41a4a15d86812e4c8) Importer(815301076,1909f56bfc062723c751e8b465ee728b)
Start importing Assets/kenney_voxel-pack/PNG/Items/minecart.png using Guid(3cab90c658b69fc41a4a15d86812e4c8) Importer(815301076,1909f56bfc062723c751e8b465ee728b) (PreviewImporter) -> (artifact id: '9a16a8240dbadc3dd774966718c757b4') in 0.0135072 seconds
Number of updated asset objects reloaded before import = 0Number of asset objects unloaded after import = 2

========================================================================
Received Import Request.
  Time since last request: 0.000067 seconds.
  path: Assets/kenney_voxel-pack/PNG/Items/hoe_silver.png
  artifactKey: Guid(b26815bfedce0de49956681369652a4a) Importer(815301076,1909f56bfc062723c751e8b465ee728b)
Start importing Assets/kenney_voxel-pack/PNG/Items/hoe_silver.png using Guid(b26815bfedce0de49956681369652a4a) Importer(815301076,1909f56bfc062723c751e8b465ee728b) (PreviewImporter) -> (artifact id: '41aaa11be47813925686f253f727ea3c') in 0.0089168 seconds
Number of updated asset objects reloaded before import = 0Number of asset objects unloaded after import = 2

========================================================================
Received Import Request.
  Time since last request: 0.000144 seconds.
  path: Assets/kenney_voxel-pack/PNG/Items/ore_ruby.png
  artifactKey: Guid(ddbb4481d76c6f349ac3a0ce9842c661) Importer(815301076,1909f56bfc062723c751e8b465ee728b)
Start importing Assets/kenney_voxel-pack/PNG/Items/ore_ruby.png using Guid(ddbb4481d76c6f349ac3a0ce9842c661) Importer(815301076,1909f56bfc062723c751e8b465ee728b) (PreviewImporter) -> (artifact id: '19e8393f7919b56eb8efdac0b4c47c42') in 0.0089275 seconds
Number of updated asset objects reloaded before import = 0Number of asset objects unloaded after import = 2

========================================================================
Received Import Request.
  Time since last request: 0.000121 seconds.
  path: Assets/kenney_voxel-pack/PNG/Items/sword_silver.png
  artifactKey: Guid(7d4c57b244fd8ed49b014e7a7b1067b2) Importer(815301076,1909f56bfc062723c751e8b465ee728b)
Start importing Assets/kenney_voxel-pack/PNG/Items/sword_silver.png using Guid(7d4c57b244fd8ed49b014e7a7b1067b2) Importer(815301076,1909f56bfc062723c751e8b465ee728b) (PreviewImporter) -> (artifact id: 'dad0fa348d8cf2ba7e3d9625829bd26e') in 0.0103514 seconds
Number of updated asset objects reloaded before import = 0Number of asset objects unloaded after import = 2

========================================================================
Received Import Request.
  Time since last request: 0.000050 seconds.
  path: Assets/kenney_voxel-pack/PNG/Items/seed.png
  artifactKey: Guid(c94fc48c4672de3439af5b7cd10ba7cb) Importer(815301076,1909f56bfc062723c751e8b465ee728b)
Start importing Assets/kenney_voxel-pack/PNG/Items/seed.png using Guid(c94fc48c4672de3439af5b7cd10ba7cb) Importer(815301076,1909f56bfc062723c751e8b465ee728b) (PreviewImporter) -> (artifact id: '0833c5903e565536e162f5d24820eac7') in 0.009467 seconds
Number of updated asset objects reloaded before import = 0Number of asset objects unloaded after import = 2

========================================================================
Received Import Request.
  Time since last request: 10.567402 seconds.
  path: Assets/kenney_voxel-pack/PNG/Items/axe_gold.png
  artifactKey: Guid(7569f6dfe25d3254fa90e69cc9266abd) Importer(815301076,1909f56bfc062723c751e8b465ee728b)
Start importing Assets/kenney_voxel-pack/PNG/Items/axe_gold.png using Guid(7569f6dfe25d3254fa90e69cc9266abd) Importer(815301076,1909f56bfc062723c751e8b465ee728b) (PreviewImporter) -> (artifact id: '54fd619f5f5c875695c7c5a84848dba2') in 0.0654324 seconds
Number of updated asset objects reloaded before import = 0Number of asset objects unloaded after import = 2

========================================================================
Received Import Request.
  Time since last request: 0.000242 seconds.
  path: Assets/kenney_voxel-pack/PNG/Items/fish.png
  artifactKey: Guid(2a15839aaae2c4748a9b16fd0e05a568) Importer(815301076,1909f56bfc062723c751e8b465ee728b)
Start importing Assets/kenney_voxel-pack/PNG/Items/fish.png using Guid(2a15839aaae2c4748a9b16fd0e05a568) Importer(815301076,1909f56bfc062723c751e8b465ee728b) (PreviewImporter) -> (artifact id: '176adb560ebbae0eee40e7b54eed85d9') in 0.0547067 seconds
Number of updated asset objects reloaded before import = 0Number of asset objects unloaded after import = 2

========================================================================
Received Import Request.
  Time since last request: 0.000098 seconds.
  path: Assets/kenney_voxel-pack/PNG/Items/boat.png
  artifactKey: Guid(a5fe86fee49435e4e99d87e35724a7ed) Importer(815301076,1909f56bfc062723c751e8b465ee728b)
Start importing Assets/kenney_voxel-pack/PNG/Items/boat.png using Guid(a5fe86fee49435e4e99d87e35724a7ed) Importer(815301076,1909f56bfc062723c751e8b465ee728b) (PreviewImporter) -> (artifact id: '44b617f19d66340859ba5ac2fc9a4afc') in 0.0164808 seconds
Number of updated asset objects reloaded before import = 0Number of asset objects unloaded after import = 2

========================================================================
Received Import Request.
  Time since last request: 0.000029 seconds.
  path: Assets/kenney_voxel-pack/PNG/Items/fishingPole.png
  artifactKey: Guid(bd4dc0745f2496247b53616df5a54b71) Importer(815301076,1909f56bfc062723c751e8b465ee728b)
Start importing Assets/kenney_voxel-pack/PNG/Items/fishingPole.png using Guid(bd4dc0745f2496247b53616df5a54b71) Importer(815301076,1909f56bfc062723c751e8b465ee728b) (PreviewImporter) -> (artifact id: '746c4d6a228a2c01b1ac20de1f8a90dd') in 0.0113612 seconds
Number of updated asset objects reloaded before import = 0Number of asset objects unloaded after import = 2

========================================================================
Received Import Request.
  Time since last request: 53.363652 seconds.
  path: Assets/kenney_voxel-pack/PNG/Items/flail_bronze.png
  artifactKey: Guid(56c713643205ff8459de91e40ea33e9e) Importer(815301076,1909f56bfc062723c751e8b465ee728b)
Start importing Assets/kenney_voxel-pack/PNG/Items/flail_bronze.png using Guid(56c713643205ff8459de91e40ea33e9e) Importer(815301076,1909f56bfc062723c751e8b465ee728b) (PreviewImporter) -> (artifact id: '5b5219e814ac7457f5506ca0a06ea81f') in 0.1122802 seconds
Number of updated asset objects reloaded before import = 0Number of asset objects unloaded after import = 3

========================================================================
Received Import Request.
  Time since last request: 0.000033 seconds.
  path: Assets/kenney_voxel-pack/PNG/Items/sword_iron.png
  artifactKey: Guid(f786a8a9926ae214f87bd5e6615f179d) Importer(815301076,1909f56bfc062723c751e8b465ee728b)
Start importing Assets/kenney_voxel-pack/PNG/Items/sword_iron.png using Guid(f786a8a9926ae214f87bd5e6615f179d) Importer(815301076,1909f56bfc062723c751e8b465ee728b) (PreviewImporter) -> (artifact id: 'aabb63816089ef516b780ffa51e2c356') in 0.0293464 seconds
Number of updated asset objects reloaded before import = 0Number of asset objects unloaded after import = 3

========================================================================
Received Import Request.
  Time since last request: 0.000031 seconds.
  path: Assets/kenney_voxel-pack/PNG/Items/flail_gold.png
  artifactKey: Guid(44f90b14ba418704e8c02780f6915dc5) Importer(815301076,1909f56bfc062723c751e8b465ee728b)
Start importing Assets/kenney_voxel-pack/PNG/Items/flail_gold.png using Guid(44f90b14ba418704e8c02780f6915dc5) Importer(815301076,1909f56bfc062723c751e8b465ee728b) (PreviewImporter) -> (artifact id: 'cd25a00b66901f5bb15596fbbce1e8ab') in 0.0267922 seconds
Number of updated asset objects reloaded before import = 0Number of asset objects unloaded after import = 3

========================================================================
Received Import Request.
  Time since last request: 0.000038 seconds.
  path: Assets/kenney_voxel-pack/PNG/Items/pick_silver.png
  artifactKey: Guid(813609a2bd9972e409433a1ca4ed172b) Importer(815301076,1909f56bfc062723c751e8b465ee728b)
Start importing Assets/kenney_voxel-pack/PNG/Items/pick_silver.png using Guid(813609a2bd9972e409433a1ca4ed172b) Importer(815301076,1909f56bfc062723c751e8b465ee728b) (PreviewImporter) -> (artifact id: '334863e900b772d0fbe3e1458f9a6c65') in 0.0274664 seconds
Number of updated asset objects reloaded before import = 0Number of asset objects unloaded after import = 3

========================================================================
Received Import Request.
  Time since last request: 0.000036 seconds.
  path: Assets/kenney_voxel-pack/PNG/Items/hoe_silver.png
  artifactKey: Guid(b26815bfedce0de49956681369652a4a) Importer(815301076,1909f56bfc062723c751e8b465ee728b)
Start importing Assets/kenney_voxel-pack/PNG/Items/hoe_silver.png using Guid(b26815bfedce0de49956681369652a4a) Importer(815301076,1909f56bfc062723c751e8b465ee728b) (PreviewImporter) -> (artifact id: 'ca26d66880eade3041d0b336d51c023f') in 0.0275082 seconds
Number of updated asset objects reloaded before import = 0Number of asset objects unloaded after import = 3

========================================================================
Received Import Request.
  Time since last request: 0.000125 seconds.
  path: Assets/kenney_voxel-pack/PNG/Items/ore_ruby.png
  artifactKey: Guid(ddbb4481d76c6f349ac3a0ce9842c661) Importer(815301076,1909f56bfc062723c751e8b465ee728b)
Start importing Assets/kenney_voxel-pack/PNG/Items/ore_ruby.png using Guid(ddbb4481d76c6f349ac3a0ce9842c661) Importer(815301076,1909f56bfc062723c751e8b465ee728b) (PreviewImporter) -> (artifact id: '17641e7e06e5700c2e90755cbcbe889a') in 0.0267564 seconds
Number of updated asset objects reloaded before import = 0Number of asset objects unloaded after import = 3

========================================================================
Received Import Request.
  Time since last request: 0.000030 seconds.
  path: Assets/kenney_voxel-pack/PNG/Items/flail_iron.png
  artifactKey: Guid(db5e38e6bf80430439ce44c3f367e977) Importer(815301076,1909f56bfc062723c751e8b465ee728b)
Start importing Assets/kenney_voxel-pack/PNG/Items/flail_iron.png using Guid(db5e38e6bf80430439ce44c3f367e977) Importer(815301076,1909f56bfc062723c751e8b465ee728b) (PreviewImporter) -> (artifact id: '83afca32647fc3717b7753050ec4d6e3') in 0.0312411 seconds
Number of updated asset objects reloaded before import = 0Number of asset objects unloaded after import = 3

========================================================================
Received Import Request.
  Time since last request: 0.000145 seconds.
  path: Assets/kenney_voxel-pack/PNG/Items/seed.png
  artifactKey: Guid(c94fc48c4672de3439af5b7cd10ba7cb) Importer(815301076,1909f56bfc062723c751e8b465ee728b)
Start importing Assets/kenney_voxel-pack/PNG/Items/seed.png using Guid(c94fc48c4672de3439af5b7cd10ba7cb) Importer(815301076,1909f56bfc062723c751e8b465ee728b) (PreviewImporter) -> (artifact id: '91762a088726a83a866ea423f874fe27') in 0.0267948 seconds
Number of updated asset objects reloaded before import = 0Number of asset objects unloaded after import = 3

========================================================================
Received Import Request.
  Time since last request: 0.000029 seconds.
  path: Assets/kenney_voxel-pack/PNG/Items/hoe_iron.png
  artifactKey: Guid(be040b33b959f1c4c99740db7c5598d0) Importer(815301076,1909f56bfc062723c751e8b465ee728b)
Start importing Assets/kenney_voxel-pack/PNG/Items/hoe_iron.png using Guid(be040b33b959f1c4c99740db7c5598d0) Importer(815301076,1909f56bfc062723c751e8b465ee728b) (PreviewImporter) -> (artifact id: 'cbd248602af068fd6d6701f6a3aadd73') in 0.0280491 seconds
Number of updated asset objects reloaded before import = 0Number of asset objects unloaded after import = 3

========================================================================
Received Import Request.
  Time since last request: 5.405608 seconds.
  path: Assets/kenney_voxel-pack/PNG/Items/bowl.png
  artifactKey: Guid(3718b60c6a1bfbd4496d51bfa472225c) Importer(815301076,1909f56bfc062723c751e8b465ee728b)
Start importing Assets/kenney_voxel-pack/PNG/Items/bowl.png using Guid(3718b60c6a1bfbd4496d51bfa472225c) Importer(815301076,1909f56bfc062723c751e8b465ee728b) (PreviewImporter) -> (artifact id: '9ee1bec14414c98a63cb0c5886644105') in 0.05105 seconds
Number of updated asset objects reloaded before import = 0Number of asset objects unloaded after import = 3

========================================================================
Received Import Request.
  Time since last request: 0.110941 seconds.
  path: Assets/kenney_voxel-pack/PNG/Items/axe_gold.png
  artifactKey: Guid(7569f6dfe25d3254fa90e69cc9266abd) Importer(815301076,1909f56bfc062723c751e8b465ee728b)
Start importing Assets/kenney_voxel-pack/PNG/Items/axe_gold.png using Guid(7569f6dfe25d3254fa90e69cc9266abd) Importer(815301076,1909f56bfc062723c751e8b465ee728b) (PreviewImporter) -> (artifact id: '0e9b48607d04f9e6ce8d76b055877cda') in 0.0323803 seconds
Number of updated asset objects reloaded before import = 0Number of asset objects unloaded after import = 3

Editor requested this worker to shutdown with reason: Scaling down because of idle timeout
AssetImportWorker is now disconnected from the server
Process exiting
Exiting without the bug reporter. Application will terminate with return code 0