Using pre-set license
Built from '6000.0/staging' branch; Version is '6000.0.36f1 (9fe3b5f71dbb) revision 10478517'; Using compiler version '193933523'; Build Type 'Release'
OS: 'Windows 11  (10.0.26100) 64bit Core' Language: 'en' Physical Memory: 32471 MB
BatchMode: 1, IsHumanControllingUs: 0, StartBugReporterOnCrash: 0, Is64bit: 1, IsPro: 1

COMMAND LINE ARGUMENTS:
C:\Program Files\Unity\Hub\Editor\6000.0.36f1\Editor\Unity.exe
-adb2
-batchMode
-noUpm
-name
AssetImportWorker2
-projectPath
C:/Users/mattc/Desktop/Advanced Game Design Project/AdvGameDesign
-logFile
Logs/AssetImportWorker2.log
-srvPort
49972
-job-worker-count
7
-background-job-worker-count
8
-gc-helper-count
1
Successfully changed project path to: C:/Users/mattc/Desktop/Advanced Game Design Project/AdvGameDesign
C:/Users/mattc/Desktop/Advanced Game Design Project/AdvGameDesign
[UnityMemory] Configuration Parameters - Can be set up in boot.config
    "memorysetup-bucket-allocator-granularity=16"
    "memorysetup-bucket-allocator-bucket-count=8"
    "memorysetup-bucket-allocator-block-size=33554432"
    "memorysetup-bucket-allocator-block-count=8"
    "memorysetup-main-allocator-block-size=16777216"
    "memorysetup-thread-allocator-block-size=16777216"
    "memorysetup-gfx-main-allocator-block-size=16777216"
    "memorysetup-gfx-thread-allocator-block-size=16777216"
    "memorysetup-cache-allocator-block-size=4194304"
    "memorysetup-typetree-allocator-block-size=2097152"
    "memorysetup-profiler-bucket-allocator-granularity=16"
    "memorysetup-profiler-bucket-allocator-bucket-count=8"
    "memorysetup-profiler-bucket-allocator-block-size=33554432"
    "memorysetup-profiler-bucket-allocator-block-count=8"
    "memorysetup-profiler-allocator-block-size=16777216"
    "memorysetup-profiler-editor-allocator-block-size=1048576"
    "memorysetup-temp-allocator-size-main=16777216"
    "memorysetup-job-temp-allocator-block-size=2097152"
    "memorysetup-job-temp-allocator-block-size-background=1048576"
    "memorysetup-job-temp-allocator-reduction-small-platforms=262144"
    "memorysetup-allocator-temp-initial-block-size-main=262144"
    "memorysetup-allocator-temp-initial-block-size-worker=262144"
    "memorysetup-temp-allocator-size-background-worker=32768"
    "memorysetup-temp-allocator-size-job-worker=262144"
    "memorysetup-temp-allocator-size-preload-manager=33554432"
    "memorysetup-temp-allocator-size-nav-mesh-worker=65536"
    "memorysetup-temp-allocator-size-audio-worker=65536"
    "memorysetup-temp-allocator-size-cloud-worker=32768"
    "memorysetup-temp-allocator-size-gi-baking-worker=262144"
    "memorysetup-temp-allocator-size-gi-baking-worker=262144"
    "memorysetup-temp-allocator-size-gi-baking-worker=262144"
    "memorysetup-temp-allocator-size-gi-baking-worker=262144"
    "memorysetup-temp-allocator-size-gi-baking-worker=262144"
    "memorysetup-temp-allocator-size-gfx=262144"
Player connection [500]  Target information:

Player connection [500]  * "[IP] 11.97.0.62 [Port] 0 [Flags] 2 [Guid] 2864197975 [EditorId] 2864197975 [Version] 1048832 [Id] WindowsEditor(7,MSI) [Debug] 1 [PackageName] WindowsEditor [ProjectName] Editor" 

Player connection [500] Host joined multi-casting on [225.0.0.222:54997]...
Player connection [500] Host joined alternative multi-casting on [225.0.0.222:34997]...
JobSystem: Creating JobQueue using job-worker-count value 7
Input System module state changed to: Initialized.
[Physics::Module] Initialized fallback backend.
[Physics::Module] Id: 0xdecafbad
Library Redirect Path: Library/
[Physics::Module] Selected backend.
[Physics::Module] Name: PhysX
[Physics::Module] Id: 0xf2b8ea05
[Physics::Module] SDK Version: 4.1.2
[Physics::Module] Integration Version: 1.0.0
[Physics::Module] Threading Mode: Multi-Threaded
Refreshing native plugins compatible for Editor in 1.75 ms, found 3 plugins.
Preloading 0 native plugins for Editor in 0.00 ms.
Initialize engine version: 6000.0.36f1 (9fe3b5f71dbb)
[Subsystems] Discovering subsystems at path C:/Program Files/Unity/Hub/Editor/6000.0.36f1/Editor/Data/Resources/UnitySubsystems
[Subsystems] Discovering subsystems at path C:/Users/mattc/Desktop/Advanced Game Design Project/AdvGameDesign/Assets
GfxDevice: creating device client; kGfxThreadingModeNonThreaded
Direct3D:
    Version:  Direct3D 11.0 [level 11.1]
    Renderer: NVIDIA GeForce RTX 4050 Laptop GPU (ID=0x28a1)
    Vendor:   NVIDIA
    VRAM:     5921 MB
    Driver:   32.0.15.7216
Initialize mono
Mono path[0] = 'C:/Program Files/Unity/Hub/Editor/6000.0.36f1/Editor/Data/Managed'
Mono path[1] = 'C:/Program Files/Unity/Hub/Editor/6000.0.36f1/Editor/Data/MonoBleedingEdge/lib/mono/unityjit-win32'
Mono config path = 'C:/Program Files/Unity/Hub/Editor/6000.0.36f1/Editor/Data/MonoBleedingEdge/etc'
Using monoOptions --debugger-agent=transport=dt_socket,embedding=1,server=y,suspend=n,address=127.0.0.1:56304
Begin MonoManager ReloadAssembly
Registering precompiled unity dll's ...
Register platform support module: C:/Program Files/Unity/Hub/Editor/6000.0.36f1/Editor/Data/PlaybackEngines/WebGLSupport/UnityEditor.WebGL.Extensions.dll
Register platform support module: C:/Program Files/Unity/Hub/Editor/6000.0.36f1/Editor/Data/PlaybackEngines/WindowsStandaloneSupport/UnityEditor.WindowsStandalone.Extensions.dll
Registered in 0.005886 seconds.
- Loaded All Assemblies, in  0.491 seconds
Native extension for WindowsStandalone target not found
Native extension for WebGL target not found
Mono: successfully reloaded assembly
- Finished resetting the current domain, in  0.381 seconds
Domain Reload Profiling: 869ms
	BeginReloadAssembly (158ms)
		ExecutionOrderSort (0ms)
		DisableScriptedObjects (0ms)
		BackupInstance (0ms)
		ReleaseScriptingObjects (0ms)
		CreateAndSetChildDomain (1ms)
	RebuildCommonClasses (39ms)
	RebuildNativeTypeToScriptingClass (14ms)
	initialDomainReloadingComplete (79ms)
	LoadAllAssembliesAndSetupDomain (197ms)
		LoadAssemblies (156ms)
		RebuildTransferFunctionScriptingTraits (0ms)
		AnalyzeDomain (193ms)
			TypeCache.Refresh (190ms)
				TypeCache.ScanAssembly (173ms)
			BuildScriptInfoCaches (0ms)
			ResolveRequiredComponents (1ms)
	FinalizeReload (382ms)
		ReleaseScriptCaches (0ms)
		RebuildScriptCaches (0ms)
		SetupLoadedEditorAssemblies (333ms)
			LogAssemblyErrors (0ms)
			InitializePlatformSupportModulesInManaged (29ms)
			SetLoadedEditorAssemblies (5ms)
			BeforeProcessingInitializeOnLoad (62ms)
			ProcessInitializeOnLoadAttributes (182ms)
			ProcessInitializeOnLoadMethodAttributes (54ms)
			AfterProcessingInitializeOnLoad (0ms)
			EditorAssembliesLoaded (0ms)
		ExecutionOrderSort2 (0ms)
		AwakeInstancesAfterBackupRestoration (0ms)
========================================================================
Worker process is ready to serve import requests
Import Worker Mode flag is 0x00
Begin MonoManager ReloadAssembly
- Loaded All Assemblies, in  1.047 seconds
Refreshing native plugins compatible for Editor in 1.67 ms, found 3 plugins.
Native extension for WindowsStandalone target not found
Native extension for WebGL target not found
Mono: successfully reloaded assembly
- Finished resetting the current domain, in  0.832 seconds
Domain Reload Profiling: 1875ms
	BeginReloadAssembly (301ms)
		ExecutionOrderSort (0ms)
		DisableScriptedObjects (7ms)
		BackupInstance (0ms)
		ReleaseScriptingObjects (0ms)
		CreateAndSetChildDomain (39ms)
	RebuildCommonClasses (57ms)
	RebuildNativeTypeToScriptingClass (14ms)
	initialDomainReloadingComplete (51ms)
	LoadAllAssembliesAndSetupDomain (619ms)
		LoadAssemblies (588ms)
		RebuildTransferFunctionScriptingTraits (0ms)
		AnalyzeDomain (237ms)
			TypeCache.Refresh (190ms)
				TypeCache.ScanAssembly (176ms)
			BuildScriptInfoCaches (37ms)
			ResolveRequiredComponents (5ms)
	FinalizeReload (832ms)
		ReleaseScriptCaches (0ms)
		RebuildScriptCaches (0ms)
		SetupLoadedEditorAssemblies (604ms)
			LogAssemblyErrors (0ms)
			InitializePlatformSupportModulesInManaged (4ms)
			SetLoadedEditorAssemblies (9ms)
			BeforeProcessingInitializeOnLoad (112ms)
			ProcessInitializeOnLoadAttributes (443ms)
			ProcessInitializeOnLoadMethodAttributes (29ms)
			AfterProcessingInitializeOnLoad (7ms)
			EditorAssembliesLoaded (0ms)
		ExecutionOrderSort2 (0ms)
		AwakeInstancesAfterBackupRestoration (7ms)
Launched and connected shader compiler UnityShaderCompiler.exe after 0.09 seconds
Refreshing native plugins compatible for Editor in 1.98 ms, found 3 plugins.
Preloading 0 native plugins for Editor in 0.00 ms.
Unloading 8 Unused Serialized files (Serialized files now loaded: 0)
Unloading 3682 unused Assets / (0.9 MB). Loaded Objects now: 4170.
Memory consumption went from 83.4 MB to 82.5 MB.
Total: 7.600300 ms (FindLiveObjects: 0.367900 ms CreateObjectMapping: 0.323000 ms MarkObjects: 5.825400 ms  DeleteObjects: 1.082400 ms)

========================================================================
Received Import Request.
  Time since last request: 43998.058489 seconds.
  path: Assets/kenney_voxel-pack/PNG/Items
  artifactKey: Guid(7aa3d96fd24f96d4fa8db45f58b6a30f) Importer(815301076,1909f56bfc062723c751e8b465ee728b)
Start importing Assets/kenney_voxel-pack/PNG/Items using Guid(7aa3d96fd24f96d4fa8db45f58b6a30f) Importer(815301076,1909f56bfc062723c751e8b465ee728b) (PreviewImporter) -> (artifact id: '82423970c28f6ab68109a2d9137ae695') in 0.0078815 seconds
Number of updated asset objects reloaded before import = 0Number of asset objects unloaded after import = 0

========================================================================
Received Import Request.
  Time since last request: 0.041663 seconds.
  path: Assets/kenney_voxel-pack/PNG/Items/apple.png
  artifactKey: Guid(629cd85cd455ab047b0d0152f45e26d0) Importer(815301076,1909f56bfc062723c751e8b465ee728b)
Start importing Assets/kenney_voxel-pack/PNG/Items/apple.png using Guid(629cd85cd455ab047b0d0152f45e26d0) Importer(815301076,1909f56bfc062723c751e8b465ee728b) (PreviewImporter) -> (artifact id: '3250cddf3d274d5c49d61292e1981549') in 0.1161775 seconds
Number of updated asset objects reloaded before import = 0Number of asset objects unloaded after import = 2

========================================================================
Received Import Request.
  Time since last request: 0.000165 seconds.
  path: Assets/kenney_voxel-pack/PNG/Items/ore_emerald.png
  artifactKey: Guid(0b27a100c1f2b2c4f968df28c2092b54) Importer(815301076,1909f56bfc062723c751e8b465ee728b)
Start importing Assets/kenney_voxel-pack/PNG/Items/ore_emerald.png using Guid(0b27a100c1f2b2c4f968df28c2092b54) Importer(815301076,1909f56bfc062723c751e8b465ee728b) (PreviewImporter) -> (artifact id: '1813b108e224a7b500fe1898f17906f9') in 0.0197328 seconds
Number of updated asset objects reloaded before import = 0Number of asset objects unloaded after import = 2

========================================================================
Received Import Request.
  Time since last request: 0.000050 seconds.
  path: Assets/kenney_voxel-pack/PNG/Items/ore_iron.png
  artifactKey: Guid(d6976dbc85e37594e89b0d13c47a8862) Importer(815301076,1909f56bfc062723c751e8b465ee728b)
Start importing Assets/kenney_voxel-pack/PNG/Items/ore_iron.png using Guid(d6976dbc85e37594e89b0d13c47a8862) Importer(815301076,1909f56bfc062723c751e8b465ee728b) (PreviewImporter) -> (artifact id: '3729d67517a13aa0eadc3266d96e4a18') in 0.0208375 seconds
Number of updated asset objects reloaded before import = 0Number of asset objects unloaded after import = 2

========================================================================
Received Import Request.
  Time since last request: 0.000077 seconds.
  path: Assets/kenney_voxel-pack/PNG/Items/pick_diamond.png
  artifactKey: Guid(89983331f6e6e1c459ed1d6d3405a2a2) Importer(815301076,1909f56bfc062723c751e8b465ee728b)
Start importing Assets/kenney_voxel-pack/PNG/Items/pick_diamond.png using Guid(89983331f6e6e1c459ed1d6d3405a2a2) Importer(815301076,1909f56bfc062723c751e8b465ee728b) (PreviewImporter) -> (artifact id: '28f8311f80a633b67fefce07bb27083c') in 0.0279605 seconds
Number of updated asset objects reloaded before import = 0Number of asset objects unloaded after import = 2

========================================================================
Received Import Request.
  Time since last request: 0.000025 seconds.
  path: Assets/kenney_voxel-pack/PNG/Items/shovel_bronze.png
  artifactKey: Guid(5fbb4811c3ff69a4997cf76f1e34db7a) Importer(815301076,1909f56bfc062723c751e8b465ee728b)
Start importing Assets/kenney_voxel-pack/PNG/Items/shovel_bronze.png using Guid(5fbb4811c3ff69a4997cf76f1e34db7a) Importer(815301076,1909f56bfc062723c751e8b465ee728b) (PreviewImporter) -> (artifact id: '28f4fd3d2feb3df7231a7e144ac73826') in 0.0220974 seconds
Number of updated asset objects reloaded before import = 0Number of asset objects unloaded after import = 2

========================================================================
Received Import Request.
  Time since last request: 0.000104 seconds.
  path: Assets/kenney_voxel-pack/PNG/Items/bowArrow.png
  artifactKey: Guid(f416add64a0eed9488cc189ccbe60aea) Importer(815301076,1909f56bfc062723c751e8b465ee728b)
Start importing Assets/kenney_voxel-pack/PNG/Items/bowArrow.png using Guid(f416add64a0eed9488cc189ccbe60aea) Importer(815301076,1909f56bfc062723c751e8b465ee728b) (PreviewImporter) -> (artifact id: '64f88e8844b3df98e0a7394a9255faef') in 0.0253282 seconds
Number of updated asset objects reloaded before import = 0Number of asset objects unloaded after import = 2

========================================================================
Received Import Request.
  Time since last request: 0.000100 seconds.
  path: Assets/kenney_voxel-pack/PNG/Items/hammer_silver.png
  artifactKey: Guid(107a2affa81398248ac4b00d18c1e88c) Importer(815301076,1909f56bfc062723c751e8b465ee728b)
Start importing Assets/kenney_voxel-pack/PNG/Items/hammer_silver.png using Guid(107a2affa81398248ac4b00d18c1e88c) Importer(815301076,1909f56bfc062723c751e8b465ee728b) (PreviewImporter) -> (artifact id: '782a35ef4d4d13f69bd3a62a9da3fa5a') in 0.0235311 seconds
Number of updated asset objects reloaded before import = 0Number of asset objects unloaded after import = 2

========================================================================
Received Import Request.
  Time since last request: 0.000084 seconds.
  path: Assets/kenney_voxel-pack/PNG/Items/ore_gold.png
  artifactKey: Guid(98e61f9dc1086cb45b635ba44b405b94) Importer(815301076,1909f56bfc062723c751e8b465ee728b)
Start importing Assets/kenney_voxel-pack/PNG/Items/ore_gold.png using Guid(98e61f9dc1086cb45b635ba44b405b94) Importer(815301076,1909f56bfc062723c751e8b465ee728b) (PreviewImporter) -> (artifact id: '581b1efb511226c1a8a588d111a38ee9') in 0.0271254 seconds
Number of updated asset objects reloaded before import = 0Number of asset objects unloaded after import = 2

========================================================================
Received Import Request.
  Time since last request: 0.000089 seconds.
  path: Assets/kenney_voxel-pack/PNG/Items/hoe_iron.png
  artifactKey: Guid(be040b33b959f1c4c99740db7c5598d0) Importer(815301076,1909f56bfc062723c751e8b465ee728b)
Start importing Assets/kenney_voxel-pack/PNG/Items/hoe_iron.png using Guid(be040b33b959f1c4c99740db7c5598d0) Importer(815301076,1909f56bfc062723c751e8b465ee728b) (PreviewImporter) -> (artifact id: '045d2286a6494c0c42eb83b394ccb8ee') in 0.0264349 seconds
Number of updated asset objects reloaded before import = 0Number of asset objects unloaded after import = 2

========================================================================
Received Import Request.
  Time since last request: 0.000074 seconds.
  path: Assets/kenney_voxel-pack/PNG/Items/pick_bronze.png
  artifactKey: Guid(fb6a757e43f23e44d97f6271186dee6b) Importer(815301076,1909f56bfc062723c751e8b465ee728b)
Start importing Assets/kenney_voxel-pack/PNG/Items/pick_bronze.png using Guid(fb6a757e43f23e44d97f6271186dee6b) Importer(815301076,1909f56bfc062723c751e8b465ee728b) (PreviewImporter) -> (artifact id: '9f11374513e8bb5d70fe8a8b2a489c0d') in 0.0212803 seconds
Number of updated asset objects reloaded before import = 0Number of asset objects unloaded after import = 2

========================================================================
Received Import Request.
  Time since last request: 3.653458 seconds.
  path: Assets/kenney_voxel-pack/PNG/Items/stew.png
  artifactKey: Guid(e6af346c2998b4a47a3d7873aaf3e453) Importer(815301076,1909f56bfc062723c751e8b465ee728b)
Start importing Assets/kenney_voxel-pack/PNG/Items/stew.png using Guid(e6af346c2998b4a47a3d7873aaf3e453) Importer(815301076,1909f56bfc062723c751e8b465ee728b) (PreviewImporter) -> (artifact id: '69ec44d7778aa7d7da4901f2aff709c4') in 0.0555816 seconds
Number of updated asset objects reloaded before import = 0Number of asset objects unloaded after import = 2

========================================================================
Received Import Request.
  Time since last request: 0.000028 seconds.
  path: Assets/kenney_voxel-pack/PNG/Items/sword_silver.png
  artifactKey: Guid(7d4c57b244fd8ed49b014e7a7b1067b2) Importer(815301076,1909f56bfc062723c751e8b465ee728b)
Start importing Assets/kenney_voxel-pack/PNG/Items/sword_silver.png using Guid(7d4c57b244fd8ed49b014e7a7b1067b2) Importer(815301076,1909f56bfc062723c751e8b465ee728b) (PreviewImporter) -> (artifact id: '6cbcefe3505dd7cc89b252659d1f17df') in 0.0250414 seconds
Number of updated asset objects reloaded before import = 0Number of asset objects unloaded after import = 2

========================================================================
Received Import Request.
  Time since last request: 59.273888 seconds.
  path: Assets/kenney_voxel-pack/PNG/Items/apple.png
  artifactKey: Guid(629cd85cd455ab047b0d0152f45e26d0) Importer(815301076,1909f56bfc062723c751e8b465ee728b)
Start importing Assets/kenney_voxel-pack/PNG/Items/apple.png using Guid(629cd85cd455ab047b0d0152f45e26d0) Importer(815301076,1909f56bfc062723c751e8b465ee728b) (PreviewImporter) -> (artifact id: '5230769833b0e758ca1490c8977e448e') in 0.0574838 seconds
Number of updated asset objects reloaded before import = 0Number of asset objects unloaded after import = 2

========================================================================
Received Import Request.
  Time since last request: 0.000067 seconds.
  path: Assets/kenney_voxel-pack/PNG/Items/pick_gold.png
  artifactKey: Guid(040a45800d0f4ac49b6aed50a68158e1) Importer(815301076,1909f56bfc062723c751e8b465ee728b)
Start importing Assets/kenney_voxel-pack/PNG/Items/pick_gold.png using Guid(040a45800d0f4ac49b6aed50a68158e1) Importer(815301076,1909f56bfc062723c751e8b465ee728b) (PreviewImporter) -> (artifact id: '5a335d2e43c0ba4b1e1e0c4ad7300cc0') in 0.0306214 seconds
Number of updated asset objects reloaded before import = 0Number of asset objects unloaded after import = 2

========================================================================
Received Import Request.
  Time since last request: 0.000277 seconds.
  path: Assets/kenney_voxel-pack/PNG/Items/ore_emerald.png
  artifactKey: Guid(0b27a100c1f2b2c4f968df28c2092b54) Importer(815301076,1909f56bfc062723c751e8b465ee728b)
Start importing Assets/kenney_voxel-pack/PNG/Items/ore_emerald.png using Guid(0b27a100c1f2b2c4f968df28c2092b54) Importer(815301076,1909f56bfc062723c751e8b465ee728b) (PreviewImporter) -> (artifact id: 'bbd7936530eb070147cf4e2b07bb0e68') in 0.0294801 seconds
Number of updated asset objects reloaded before import = 0Number of asset objects unloaded after import = 2

========================================================================
Received Import Request.
  Time since last request: 0.000507 seconds.
  path: Assets/kenney_voxel-pack/PNG/Items/hoe_gold.png
  artifactKey: Guid(422ea9b23ebadba439d85cd20d7efa45) Importer(815301076,1909f56bfc062723c751e8b465ee728b)
Start importing Assets/kenney_voxel-pack/PNG/Items/hoe_gold.png using Guid(422ea9b23ebadba439d85cd20d7efa45) Importer(815301076,1909f56bfc062723c751e8b465ee728b) (PreviewImporter) -> (artifact id: 'e3698f3c73f5b46d179eb56fd49233ca') in 0.0322424 seconds
Number of updated asset objects reloaded before import = 0Number of asset objects unloaded after import = 2

========================================================================
Received Import Request.
  Time since last request: 0.000051 seconds.
  path: Assets/kenney_voxel-pack/PNG/Items/flail_diamond.png
  artifactKey: Guid(6783ca9081268d345a046b40c0321b8a) Importer(815301076,1909f56bfc062723c751e8b465ee728b)
Start importing Assets/kenney_voxel-pack/PNG/Items/flail_diamond.png using Guid(6783ca9081268d345a046b40c0321b8a) Importer(815301076,1909f56bfc062723c751e8b465ee728b) (PreviewImporter) -> (artifact id: '16a5066e1393cc2f5e5a48473ad7f3ca') in 0.0296285 seconds
Number of updated asset objects reloaded before import = 0Number of asset objects unloaded after import = 2

========================================================================
Received Import Request.
  Time since last request: 0.000047 seconds.
  path: Assets/kenney_voxel-pack/PNG/Items/shovel_bronze.png
  artifactKey: Guid(5fbb4811c3ff69a4997cf76f1e34db7a) Importer(815301076,1909f56bfc062723c751e8b465ee728b)
Start importing Assets/kenney_voxel-pack/PNG/Items/shovel_bronze.png using Guid(5fbb4811c3ff69a4997cf76f1e34db7a) Importer(815301076,1909f56bfc062723c751e8b465ee728b) (PreviewImporter) -> (artifact id: 'a6cc8816bf54bf997aca08a454793679') in 0.0262153 seconds
Number of updated asset objects reloaded before import = 0Number of asset objects unloaded after import = 2

========================================================================
Received Import Request.
  Time since last request: 0.000021 seconds.
  path: Assets/kenney_voxel-pack/PNG/Items/ore_ruby.png
  artifactKey: Guid(ddbb4481d76c6f349ac3a0ce9842c661) Importer(815301076,1909f56bfc062723c751e8b465ee728b)
Start importing Assets/kenney_voxel-pack/PNG/Items/ore_ruby.png using Guid(ddbb4481d76c6f349ac3a0ce9842c661) Importer(815301076,1909f56bfc062723c751e8b465ee728b) (PreviewImporter) -> (artifact id: '9e9fe3ca38dbca44bd758c075aea9e1e') in 0.0260583 seconds
Number of updated asset objects reloaded before import = 0Number of asset objects unloaded after import = 2

========================================================================
Received Import Request.
  Time since last request: 0.000146 seconds.
  path: Assets/kenney_voxel-pack/PNG/Items/hammer_silver.png
  artifactKey: Guid(107a2affa81398248ac4b00d18c1e88c) Importer(815301076,1909f56bfc062723c751e8b465ee728b)
Start importing Assets/kenney_voxel-pack/PNG/Items/hammer_silver.png using Guid(107a2affa81398248ac4b00d18c1e88c) Importer(815301076,1909f56bfc062723c751e8b465ee728b) (PreviewImporter) -> (artifact id: '0c421dbbbcc405f1d60b50280550e133') in 0.0244575 seconds
Number of updated asset objects reloaded before import = 0Number of asset objects unloaded after import = 2

========================================================================
Received Import Request.
  Time since last request: 0.000111 seconds.
  path: Assets/kenney_voxel-pack/PNG/Items/ore_gold.png
  artifactKey: Guid(98e61f9dc1086cb45b635ba44b405b94) Importer(815301076,1909f56bfc062723c751e8b465ee728b)
Start importing Assets/kenney_voxel-pack/PNG/Items/ore_gold.png using Guid(98e61f9dc1086cb45b635ba44b405b94) Importer(815301076,1909f56bfc062723c751e8b465ee728b) (PreviewImporter) -> (artifact id: '8f4004edef1097b2cc39d01c4703e6af') in 0.0237753 seconds
Number of updated asset objects reloaded before import = 0Number of asset objects unloaded after import = 2

========================================================================
Received Import Request.
  Time since last request: 0.000046 seconds.
  path: Assets/kenney_voxel-pack/PNG/Items/hoe_iron.png
  artifactKey: Guid(be040b33b959f1c4c99740db7c5598d0) Importer(815301076,1909f56bfc062723c751e8b465ee728b)
Start importing Assets/kenney_voxel-pack/PNG/Items/hoe_iron.png using Guid(be040b33b959f1c4c99740db7c5598d0) Importer(815301076,1909f56bfc062723c751e8b465ee728b) (PreviewImporter) -> (artifact id: '4f928c4b70426b4bdfddc8bbce1ffa07') in 0.0297544 seconds
Number of updated asset objects reloaded before import = 0Number of asset objects unloaded after import = 2

========================================================================
Received Import Request.
  Time since last request: 0.000055 seconds.
  path: Assets/kenney_voxel-pack/PNG/Items/pick_bronze.png
  artifactKey: Guid(fb6a757e43f23e44d97f6271186dee6b) Importer(815301076,1909f56bfc062723c751e8b465ee728b)
Start importing Assets/kenney_voxel-pack/PNG/Items/pick_bronze.png using Guid(fb6a757e43f23e44d97f6271186dee6b) Importer(815301076,1909f56bfc062723c751e8b465ee728b) (PreviewImporter) -> (artifact id: 'fa0e1fbe97f63572a42da0e95de321ec') in 0.0240798 seconds
Number of updated asset objects reloaded before import = 0Number of asset objects unloaded after import = 2

========================================================================
Received Import Request.
  Time since last request: 0.580917 seconds.
  path: Assets/kenney_voxel-pack/PNG/Items/stew.png
  artifactKey: Guid(e6af346c2998b4a47a3d7873aaf3e453) Importer(815301076,1909f56bfc062723c751e8b465ee728b)
Start importing Assets/kenney_voxel-pack/PNG/Items/stew.png using Guid(e6af346c2998b4a47a3d7873aaf3e453) Importer(815301076,1909f56bfc062723c751e8b465ee728b) (PreviewImporter) -> (artifact id: 'b3ad403726b806b4c268f6d733c44f48') in 0.0585474 seconds
Number of updated asset objects reloaded before import = 0Number of asset objects unloaded after import = 2

========================================================================
Received Import Request.
  Time since last request: 0.000113 seconds.
  path: Assets/kenney_voxel-pack/PNG/Items/sword_silver.png
  artifactKey: Guid(7d4c57b244fd8ed49b014e7a7b1067b2) Importer(815301076,1909f56bfc062723c751e8b465ee728b)
Start importing Assets/kenney_voxel-pack/PNG/Items/sword_silver.png using Guid(7d4c57b244fd8ed49b014e7a7b1067b2) Importer(815301076,1909f56bfc062723c751e8b465ee728b) (PreviewImporter) -> (artifact id: 'd606d63bcc3bb20f9fcf393aad7817e1') in 0.0507152 seconds
Number of updated asset objects reloaded before import = 0Number of asset objects unloaded after import = 2

========================================================================
Received Import Request.
  Time since last request: 39.656221 seconds.
  path: Assets/kenney_voxel-pack/PNG/Items/apple.png
  artifactKey: Guid(629cd85cd455ab047b0d0152f45e26d0) Importer(815301076,1909f56bfc062723c751e8b465ee728b)
Start importing Assets/kenney_voxel-pack/PNG/Items/apple.png using Guid(629cd85cd455ab047b0d0152f45e26d0) Importer(815301076,1909f56bfc062723c751e8b465ee728b) (PreviewImporter) -> (artifact id: 'bbe17060a0f5830d38f9b2676d71bd25') in 0.0079827 seconds
Number of updated asset objects reloaded before import = 0Number of asset objects unloaded after import = 2

========================================================================
Received Import Request.
  Time since last request: 0.020788 seconds.
  path: Assets/kenney_voxel-pack/PNG/Items/hoe_bronze.png
  artifactKey: Guid(da41b707a42983241835d1fa99a0b4f2) Importer(815301076,1909f56bfc062723c751e8b465ee728b)
Start importing Assets/kenney_voxel-pack/PNG/Items/hoe_bronze.png using Guid(da41b707a42983241835d1fa99a0b4f2) Importer(815301076,1909f56bfc062723c751e8b465ee728b) (PreviewImporter) -> (artifact id: 'd54cf515c08775d8afce5ed2531c083e') in 0.0136668 seconds
Number of updated asset objects reloaded before import = 0Number of asset objects unloaded after import = 2

========================================================================
Received Import Request.
  Time since last request: 0.000211 seconds.
  path: Assets/kenney_voxel-pack/PNG/Items/stew.png
  artifactKey: Guid(e6af346c2998b4a47a3d7873aaf3e453) Importer(815301076,1909f56bfc062723c751e8b465ee728b)
Start importing Assets/kenney_voxel-pack/PNG/Items/stew.png using Guid(e6af346c2998b4a47a3d7873aaf3e453) Importer(815301076,1909f56bfc062723c751e8b465ee728b) (PreviewImporter) -> (artifact id: 'ca518558695a065e027e9c421a6d646d') in 0.0096618 seconds
Number of updated asset objects reloaded before import = 0Number of asset objects unloaded after import = 2

========================================================================
Received Import Request.
  Time since last request: 0.000058 seconds.
  path: Assets/kenney_voxel-pack/PNG/Items/sword_iron.png
  artifactKey: Guid(f786a8a9926ae214f87bd5e6615f179d) Importer(815301076,1909f56bfc062723c751e8b465ee728b)
Start importing Assets/kenney_voxel-pack/PNG/Items/sword_iron.png using Guid(f786a8a9926ae214f87bd5e6615f179d) Importer(815301076,1909f56bfc062723c751e8b465ee728b) (PreviewImporter) -> (artifact id: 'e09508dc1e9b9c1695b13804087b32c9') in 0.026797 seconds
Number of updated asset objects reloaded before import = 0Number of asset objects unloaded after import = 2

========================================================================
Received Import Request.
  Time since last request: 0.000049 seconds.
  path: Assets/kenney_voxel-pack/PNG/Items/ore_coal.png
  artifactKey: Guid(7c0fcf42b2863b940a8f3750bca3e0c2) Importer(815301076,1909f56bfc062723c751e8b465ee728b)
Start importing Assets/kenney_voxel-pack/PNG/Items/ore_coal.png using Guid(7c0fcf42b2863b940a8f3750bca3e0c2) Importer(815301076,1909f56bfc062723c751e8b465ee728b) (PreviewImporter) -> (artifact id: '3fac8a441ba5d7273bb9b00a50694cbc') in 0.0093599 seconds
Number of updated asset objects reloaded before import = 0Number of asset objects unloaded after import = 2

========================================================================
Received Import Request.
  Time since last request: 0.000031 seconds.
  path: Assets/kenney_voxel-pack/PNG/Items/shovel_diamond.png
  artifactKey: Guid(27935c7f0fba45e47bfeb4966a98df66) Importer(815301076,1909f56bfc062723c751e8b465ee728b)
Start importing Assets/kenney_voxel-pack/PNG/Items/shovel_diamond.png using Guid(27935c7f0fba45e47bfeb4966a98df66) Importer(815301076,1909f56bfc062723c751e8b465ee728b) (PreviewImporter) -> (artifact id: 'ffb5846fcdc7bd9d8a5a4ee9f8becdc8') in 0.008964 seconds
Number of updated asset objects reloaded before import = 0Number of asset objects unloaded after import = 2

========================================================================
Received Import Request.
  Time since last request: 0.000185 seconds.
  path: Assets/kenney_voxel-pack/PNG/Items/pick_iron.png
  artifactKey: Guid(e5bfad7b1015cde439345ec919a16d8e) Importer(815301076,1909f56bfc062723c751e8b465ee728b)
Start importing Assets/kenney_voxel-pack/PNG/Items/pick_iron.png using Guid(e5bfad7b1015cde439345ec919a16d8e) Importer(815301076,1909f56bfc062723c751e8b465ee728b) (PreviewImporter) -> (artifact id: 'f42094febe585c52cee50b7f871039d4') in 0.0097498 seconds
Number of updated asset objects reloaded before import = 0Number of asset objects unloaded after import = 2

========================================================================
Received Import Request.
  Time since last request: 0.000029 seconds.
  path: Assets/kenney_voxel-pack/PNG/Items/shovel_gold.png
  artifactKey: Guid(f648ace94c936e34197741af511fa4ac) Importer(815301076,1909f56bfc062723c751e8b465ee728b)
Start importing Assets/kenney_voxel-pack/PNG/Items/shovel_gold.png using Guid(f648ace94c936e34197741af511fa4ac) Importer(815301076,1909f56bfc062723c751e8b465ee728b) (PreviewImporter) -> (artifact id: '65f05d19c0a45b339b6a786f61e68c4d') in 0.0228324 seconds
Number of updated asset objects reloaded before import = 0Number of asset objects unloaded after import = 2

========================================================================
Received Import Request.
  Time since last request: 10.557314 seconds.
  path: Assets/kenney_voxel-pack/PNG/Items/arrow.png
  artifactKey: Guid(f831e6460dbccd0439300e137684aba1) Importer(815301076,1909f56bfc062723c751e8b465ee728b)
Start importing Assets/kenney_voxel-pack/PNG/Items/arrow.png using Guid(f831e6460dbccd0439300e137684aba1) Importer(815301076,1909f56bfc062723c751e8b465ee728b) (PreviewImporter) -> (artifact id: '43c8e45bc891f45baff7454d416afe28') in 0.0194903 seconds
Number of updated asset objects reloaded before import = 0Number of asset objects unloaded after import = 2

========================================================================
Received Import Request.
  Time since last request: 0.000296 seconds.
  path: Assets/kenney_voxel-pack/PNG/Items/axe_iron.png
  artifactKey: Guid(780611a372dda374990300ed54b18238) Importer(815301076,1909f56bfc062723c751e8b465ee728b)
Start importing Assets/kenney_voxel-pack/PNG/Items/axe_iron.png using Guid(780611a372dda374990300ed54b18238) Importer(815301076,1909f56bfc062723c751e8b465ee728b) (PreviewImporter) -> (artifact id: 'c49a12f7030121438a71fead24758d3b') in 0.0227351 seconds
Number of updated asset objects reloaded before import = 0Number of asset objects unloaded after import = 2

========================================================================
Received Import Request.
  Time since last request: 0.000205 seconds.
  path: Assets/kenney_voxel-pack/PNG/Items/flail_silver.png
  artifactKey: Guid(84510198850249f46b6dbb363fb2bfa1) Importer(815301076,1909f56bfc062723c751e8b465ee728b)
Start importing Assets/kenney_voxel-pack/PNG/Items/flail_silver.png using Guid(84510198850249f46b6dbb363fb2bfa1) Importer(815301076,1909f56bfc062723c751e8b465ee728b) (PreviewImporter) -> (artifact id: '54c0e9c510477256fb8e364e0050a042') in 0.0701645 seconds
Number of updated asset objects reloaded before import = 0Number of asset objects unloaded after import = 2

========================================================================
Received Import Request.
  Time since last request: 0.000116 seconds.
  path: Assets/kenney_voxel-pack/PNG/Items/bowArrow.png
  artifactKey: Guid(f416add64a0eed9488cc189ccbe60aea) Importer(815301076,1909f56bfc062723c751e8b465ee728b)
Start importing Assets/kenney_voxel-pack/PNG/Items/bowArrow.png using Guid(f416add64a0eed9488cc189ccbe60aea) Importer(815301076,1909f56bfc062723c751e8b465ee728b) (PreviewImporter) -> (artifact id: 'ae7e497abe92fbdeaca974f2287e479d') in 0.0263264 seconds
Number of updated asset objects reloaded before import = 0Number of asset objects unloaded after import = 2

========================================================================
Received Import Request.
  Time since last request: 0.000029 seconds.
  path: Assets/kenney_voxel-pack/PNG/Items/flail_bronze.png
  artifactKey: Guid(56c713643205ff8459de91e40ea33e9e) Importer(815301076,1909f56bfc062723c751e8b465ee728b)
Start importing Assets/kenney_voxel-pack/PNG/Items/flail_bronze.png using Guid(56c713643205ff8459de91e40ea33e9e) Importer(815301076,1909f56bfc062723c751e8b465ee728b) (PreviewImporter) -> (artifact id: '393538fb4d7eb2a44c38f17887c89a0c') in 0.0265558 seconds
Number of updated asset objects reloaded before import = 0Number of asset objects unloaded after import = 2

========================================================================
Received Import Request.
  Time since last request: 53.304230 seconds.
  path: Assets/kenney_voxel-pack/PNG/Items/apple.png
  artifactKey: Guid(629cd85cd455ab047b0d0152f45e26d0) Importer(815301076,1909f56bfc062723c751e8b465ee728b)
Start importing Assets/kenney_voxel-pack/PNG/Items/apple.png using Guid(629cd85cd455ab047b0d0152f45e26d0) Importer(815301076,1909f56bfc062723c751e8b465ee728b) (PreviewImporter) -> (artifact id: 'd647c5b4e618e5a35ccb82663e531d7b') in 0.0855416 seconds
Number of updated asset objects reloaded before import = 0Number of asset objects unloaded after import = 3

========================================================================
Received Import Request.
  Time since last request: 0.000039 seconds.
  path: Assets/kenney_voxel-pack/PNG/Items/shovel_iron.png
  artifactKey: Guid(984fc6c634d9526438e2171b6055dc2e) Importer(815301076,1909f56bfc062723c751e8b465ee728b)
Start importing Assets/kenney_voxel-pack/PNG/Items/shovel_iron.png using Guid(984fc6c634d9526438e2171b6055dc2e) Importer(815301076,1909f56bfc062723c751e8b465ee728b) (PreviewImporter) -> (artifact id: 'b781e2ed03a3670bcc100a9256e918ad') in 0.0400033 seconds
Number of updated asset objects reloaded before import = 0Number of asset objects unloaded after import = 3

========================================================================
Received Import Request.
  Time since last request: 0.000034 seconds.
  path: Assets/kenney_voxel-pack/PNG/Items/ore_emerald.png
  artifactKey: Guid(0b27a100c1f2b2c4f968df28c2092b54) Importer(815301076,1909f56bfc062723c751e8b465ee728b)
Start importing Assets/kenney_voxel-pack/PNG/Items/ore_emerald.png using Guid(0b27a100c1f2b2c4f968df28c2092b54) Importer(815301076,1909f56bfc062723c751e8b465ee728b) (PreviewImporter) -> (artifact id: '6c398e2ff7c7a7e1a06e99cb0c241959') in 0.0325363 seconds
Number of updated asset objects reloaded before import = 0Number of asset objects unloaded after import = 3

========================================================================
Received Import Request.
  Time since last request: 0.000025 seconds.
  path: Assets/kenney_voxel-pack/PNG/Items/ore_diamond.png
  artifactKey: Guid(c580f3fec37f52e4783d5969f12fb659) Importer(815301076,1909f56bfc062723c751e8b465ee728b)
Start importing Assets/kenney_voxel-pack/PNG/Items/ore_diamond.png using Guid(c580f3fec37f52e4783d5969f12fb659) Importer(815301076,1909f56bfc062723c751e8b465ee728b) (PreviewImporter) -> (artifact id: 'fff8b1d3544a86d7b542279b5590ce49') in 0.0259926 seconds
Number of updated asset objects reloaded before import = 0Number of asset objects unloaded after import = 3

========================================================================
Received Import Request.
  Time since last request: 0.000067 seconds.
  path: Assets/kenney_voxel-pack/PNG/Items/flail_silver.png
  artifactKey: Guid(84510198850249f46b6dbb363fb2bfa1) Importer(815301076,1909f56bfc062723c751e8b465ee728b)
Start importing Assets/kenney_voxel-pack/PNG/Items/flail_silver.png using Guid(84510198850249f46b6dbb363fb2bfa1) Importer(815301076,1909f56bfc062723c751e8b465ee728b) (PreviewImporter) -> (artifact id: '59d203948e623d6d078413bd499a8a0f') in 0.0265453 seconds
Number of updated asset objects reloaded before import = 0Number of asset objects unloaded after import = 3

========================================================================
Received Import Request.
  Time since last request: 0.000034 seconds.
  path: Assets/kenney_voxel-pack/PNG/Items/flail_diamond.png
  artifactKey: Guid(6783ca9081268d345a046b40c0321b8a) Importer(815301076,1909f56bfc062723c751e8b465ee728b)
Start importing Assets/kenney_voxel-pack/PNG/Items/flail_diamond.png using Guid(6783ca9081268d345a046b40c0321b8a) Importer(815301076,1909f56bfc062723c751e8b465ee728b) (PreviewImporter) -> (artifact id: '83c7b88d964ac82a0f9a452e2fb4ea67') in 0.0275681 seconds
Number of updated asset objects reloaded before import = 0Number of asset objects unloaded after import = 3

========================================================================
Received Import Request.
  Time since last request: 0.000054 seconds.
  path: Assets/kenney_voxel-pack/PNG/Items/sword_diamond.png
  artifactKey: Guid(0ba1145ddb3d2364bb64715420a76bc4) Importer(815301076,1909f56bfc062723c751e8b465ee728b)
Start importing Assets/kenney_voxel-pack/PNG/Items/sword_diamond.png using Guid(0ba1145ddb3d2364bb64715420a76bc4) Importer(815301076,1909f56bfc062723c751e8b465ee728b) (PreviewImporter) -> (artifact id: '6465af8854a365bec51f97447ae012d6') in 0.0277944 seconds
Number of updated asset objects reloaded before import = 0Number of asset objects unloaded after import = 3

========================================================================
Received Import Request.
  Time since last request: 0.000083 seconds.
  path: Assets/kenney_voxel-pack/PNG/Items/pick_iron.png
  artifactKey: Guid(e5bfad7b1015cde439345ec919a16d8e) Importer(815301076,1909f56bfc062723c751e8b465ee728b)
Start importing Assets/kenney_voxel-pack/PNG/Items/pick_iron.png using Guid(e5bfad7b1015cde439345ec919a16d8e) Importer(815301076,1909f56bfc062723c751e8b465ee728b) (PreviewImporter) -> (artifact id: '80346f64282c1f3a777a3c80d3974803') in 0.0266752 seconds
Number of updated asset objects reloaded before import = 0Number of asset objects unloaded after import = 3

========================================================================
Received Import Request.
  Time since last request: 0.000161 seconds.
  path: Assets/kenney_voxel-pack/PNG/Items/sword_bronze.png
  artifactKey: Guid(349e156264e5ff14d8a253a3f096281b) Importer(815301076,1909f56bfc062723c751e8b465ee728b)
Start importing Assets/kenney_voxel-pack/PNG/Items/sword_bronze.png using Guid(349e156264e5ff14d8a253a3f096281b) Importer(815301076,1909f56bfc062723c751e8b465ee728b) (PreviewImporter) -> (artifact id: '95ebaa56a2c383cd34ffc196a9187d45') in 0.0308515 seconds
Number of updated asset objects reloaded before import = 0Number of asset objects unloaded after import = 3

========================================================================
Received Import Request.
  Time since last request: 0.000170 seconds.
  path: Assets/kenney_voxel-pack/PNG/Items/ore_silver.png
  artifactKey: Guid(929542765d069db419f856ea2e621fe8) Importer(815301076,1909f56bfc062723c751e8b465ee728b)
Start importing Assets/kenney_voxel-pack/PNG/Items/ore_silver.png using Guid(929542765d069db419f856ea2e621fe8) Importer(815301076,1909f56bfc062723c751e8b465ee728b) (PreviewImporter) -> (artifact id: '2bb86b80205bb622aa100f8f345caaa1') in 0.0268493 seconds
Number of updated asset objects reloaded before import = 0Number of asset objects unloaded after import = 3

========================================================================
Received Import Request.
  Time since last request: 0.000044 seconds.
  path: Assets/kenney_voxel-pack/PNG/Items/pick_bronze.png
  artifactKey: Guid(fb6a757e43f23e44d97f6271186dee6b) Importer(815301076,1909f56bfc062723c751e8b465ee728b)
Start importing Assets/kenney_voxel-pack/PNG/Items/pick_bronze.png using Guid(fb6a757e43f23e44d97f6271186dee6b) Importer(815301076,1909f56bfc062723c751e8b465ee728b) (PreviewImporter) -> (artifact id: '6741c2033330cc5e9f5685ebd6ea095c') in 0.0246042 seconds
Number of updated asset objects reloaded before import = 0Number of asset objects unloaded after import = 3

========================================================================
Received Import Request.
  Time since last request: 5.405235 seconds.
  path: Assets/kenney_voxel-pack/PNG/Items/boat.png
  artifactKey: Guid(a5fe86fee49435e4e99d87e35724a7ed) Importer(815301076,1909f56bfc062723c751e8b465ee728b)
Start importing Assets/kenney_voxel-pack/PNG/Items/boat.png using Guid(a5fe86fee49435e4e99d87e35724a7ed) Importer(815301076,1909f56bfc062723c751e8b465ee728b) (PreviewImporter) -> (artifact id: 'aa556efbef52953755529a56ad1bc5d6') in 0.0473752 seconds
Number of updated asset objects reloaded before import = 0Number of asset objects unloaded after import = 3

========================================================================
Received Import Request.
  Time since last request: 0.116285 seconds.
  path: Assets/kenney_voxel-pack/PNG/Items/arrow.png
  artifactKey: Guid(f831e6460dbccd0439300e137684aba1) Importer(815301076,1909f56bfc062723c751e8b465ee728b)
Start importing Assets/kenney_voxel-pack/PNG/Items/arrow.png using Guid(f831e6460dbccd0439300e137684aba1) Importer(815301076,1909f56bfc062723c751e8b465ee728b) (PreviewImporter) -> (artifact id: 'aa4de3688ac3d8d4b8a6413bd120b641') in 0.0344106 seconds
Number of updated asset objects reloaded before import = 0Number of asset objects unloaded after import = 3

========================================================================
Received Import Request.
  Time since last request: 0.000030 seconds.
  path: Assets/kenney_voxel-pack/PNG/Items/axe_silver.png
  artifactKey: Guid(51e65960c1660da4dbeab860dbd07ce0) Importer(815301076,1909f56bfc062723c751e8b465ee728b)
Start importing Assets/kenney_voxel-pack/PNG/Items/axe_silver.png using Guid(51e65960c1660da4dbeab860dbd07ce0) Importer(815301076,1909f56bfc062723c751e8b465ee728b) (PreviewImporter) -> (artifact id: '4a21a8bafb4762afcf261b101f933af9') in 0.0294598 seconds
Number of updated asset objects reloaded before import = 0Number of asset objects unloaded after import = 3

========================================================================
Received Import Request.
  Time since last request: 105.049863 seconds.
  path: Assets/Items/new Tool Class.asset
  artifactKey: Guid(d567a35d3cde6ed4b8203e42d51ac358) Importer(815301076,1909f56bfc062723c751e8b465ee728b)
Start importing Assets/Items/new Tool Class.asset using Guid(d567a35d3cde6ed4b8203e42d51ac358) Importer(815301076,1909f56bfc062723c751e8b465ee728b) (PreviewImporter) -> (artifact id: '6298f9a053a0663d7234b3e6d2ce39fa') in 0.0022358 seconds
Number of updated asset objects reloaded before import = 0Number of asset objects unloaded after import = 1

========================================================================
Received Import Request.
  Time since last request: 9.334110 seconds.
  path: Assets/Items/Syringe.asset
  artifactKey: Guid(d567a35d3cde6ed4b8203e42d51ac358) Importer(815301076,1909f56bfc062723c751e8b465ee728b)
Start importing Assets/Items/Syringe.asset using Guid(d567a35d3cde6ed4b8203e42d51ac358) Importer(815301076,1909f56bfc062723c751e8b465ee728b) (PreviewImporter) -> (artifact id: '84bec9bdd40922831121ba3582f7bfdf') in 0.0011748 seconds
Number of updated asset objects reloaded before import = 0Number of asset objects unloaded after import = 1

========================================================================
Received Prepare
Begin MonoManager ReloadAssembly
- Loaded All Assemblies, in  0.709 seconds
Refreshing native plugins compatible for Editor in 1.25 ms, found 3 plugins.
Native extension for WindowsStandalone target not found
Native extension for WebGL target not found
Mono: successfully reloaded assembly
- Finished resetting the current domain, in  0.691 seconds
Domain Reload Profiling: 1398ms
	BeginReloadAssembly (221ms)
		ExecutionOrderSort (0ms)
		DisableScriptedObjects (6ms)
		BackupInstance (0ms)
		ReleaseScriptingObjects (0ms)
		CreateAndSetChildDomain (56ms)
	RebuildCommonClasses (41ms)
	RebuildNativeTypeToScriptingClass (15ms)
	initialDomainReloadingComplete (29ms)
	LoadAllAssembliesAndSetupDomain (400ms)
		LoadAssemblies (355ms)
		RebuildTransferFunctionScriptingTraits (0ms)
		AnalyzeDomain (159ms)
			TypeCache.Refresh (8ms)
				TypeCache.ScanAssembly (0ms)
			BuildScriptInfoCaches (141ms)
			ResolveRequiredComponents (5ms)
	FinalizeReload (692ms)
		ReleaseScriptCaches (0ms)
		RebuildScriptCaches (0ms)
		SetupLoadedEditorAssemblies (555ms)
			LogAssemblyErrors (0ms)
			InitializePlatformSupportModulesInManaged (4ms)
			SetLoadedEditorAssemblies (6ms)
			BeforeProcessingInitializeOnLoad (97ms)
			ProcessInitializeOnLoadAttributes (418ms)
			ProcessInitializeOnLoadMethodAttributes (25ms)
			AfterProcessingInitializeOnLoad (5ms)
			EditorAssembliesLoaded (0ms)
		ExecutionOrderSort2 (0ms)
		AwakeInstancesAfterBackupRestoration (6ms)
Refreshing native plugins compatible for Editor in 1.86 ms, found 3 plugins.
Preloading 0 native plugins for Editor in 0.00 ms.
Unloading 1 Unused Serialized files (Serialized files now loaded: 0)
Unloading 3681 unused Assets / (0.9 MB). Loaded Objects now: 4179.
Memory consumption went from 87.2 MB to 86.3 MB.
Total: 8.262600 ms (FindLiveObjects: 0.497100 ms CreateObjectMapping: 0.236900 ms MarkObjects: 6.219400 ms  DeleteObjects: 1.306600 ms)

Prepare: number of updated asset objects reloaded= 0
========================================================================
Received Import Request.
  Time since last request: 167.868744 seconds.
  path: Assets/Scripts/InventoryManager.cs
  artifactKey: Guid(a2573680c18cfe94cacc13dfada77b0b) Importer(815301076,1909f56bfc062723c751e8b465ee728b)
Start importing Assets/Scripts/InventoryManager.cs using Guid(a2573680c18cfe94cacc13dfada77b0b) Importer(815301076,1909f56bfc062723c751e8b465ee728b) (PreviewImporter) -> (artifact id: 'bdfcd7fff532cec896648259240f1628') in 0.0025103 seconds
Number of updated asset objects reloaded before import = 0Number of asset objects unloaded after import = 0

========================================================================
Received Prepare
Begin MonoManager ReloadAssembly
- Loaded All Assemblies, in  0.950 seconds
Refreshing native plugins compatible for Editor in 3.52 ms, found 3 plugins.
Native extension for WindowsStandalone target not found
Native extension for WebGL target not found
Mono: successfully reloaded assembly
- Finished resetting the current domain, in  0.979 seconds
Domain Reload Profiling: 1928ms
	BeginReloadAssembly (263ms)
		ExecutionOrderSort (0ms)
		DisableScriptedObjects (7ms)
		BackupInstance (0ms)
		ReleaseScriptingObjects (0ms)
		CreateAndSetChildDomain (50ms)
	RebuildCommonClasses (66ms)
	RebuildNativeTypeToScriptingClass (21ms)
	initialDomainReloadingComplete (36ms)
	LoadAllAssembliesAndSetupDomain (562ms)
		LoadAssemblies (472ms)
		RebuildTransferFunctionScriptingTraits (0ms)
		AnalyzeDomain (242ms)
			TypeCache.Refresh (10ms)
				TypeCache.ScanAssembly (0ms)
			BuildScriptInfoCaches (220ms)
			ResolveRequiredComponents (6ms)
	FinalizeReload (980ms)
		ReleaseScriptCaches (0ms)
		RebuildScriptCaches (0ms)
		SetupLoadedEditorAssemblies (762ms)
			LogAssemblyErrors (0ms)
			InitializePlatformSupportModulesInManaged (7ms)
			SetLoadedEditorAssemblies (9ms)
			BeforeProcessingInitializeOnLoad (149ms)
			ProcessInitializeOnLoadAttributes (563ms)
			ProcessInitializeOnLoadMethodAttributes (27ms)
			AfterProcessingInitializeOnLoad (7ms)
			EditorAssembliesLoaded (0ms)
		ExecutionOrderSort2 (0ms)
		AwakeInstancesAfterBackupRestoration (7ms)
Refreshing native plugins compatible for Editor in 1.88 ms, found 3 plugins.
Preloading 0 native plugins for Editor in 0.00 ms.
Unloading 0 Unused Serialized files (Serialized files now loaded: 0)
Unloading 3681 unused Assets / (1.0 MB). Loaded Objects now: 4179.
Memory consumption went from 87.1 MB to 86.1 MB.
Total: 10.119500 ms (FindLiveObjects: 0.642000 ms CreateObjectMapping: 0.324700 ms MarkObjects: 7.570000 ms  DeleteObjects: 1.581000 ms)

Prepare: number of updated asset objects reloaded= 0
========================================================================
Received Prepare
Begin MonoManager ReloadAssembly
- Loaded All Assemblies, in  0.999 seconds
Refreshing native plugins compatible for Editor in 1.39 ms, found 3 plugins.
Native extension for WindowsStandalone target not found
Native extension for WebGL target not found
Mono: successfully reloaded assembly
- Finished resetting the current domain, in  0.774 seconds
Domain Reload Profiling: 1765ms
	BeginReloadAssembly (303ms)
		ExecutionOrderSort (0ms)
		DisableScriptedObjects (6ms)
		BackupInstance (0ms)
		ReleaseScriptingObjects (0ms)
		CreateAndSetChildDomain (64ms)
	RebuildCommonClasses (63ms)
	RebuildNativeTypeToScriptingClass (23ms)
	initialDomainReloadingComplete (45ms)
	LoadAllAssembliesAndSetupDomain (557ms)
		LoadAssemblies (532ms)
		RebuildTransferFunctionScriptingTraits (0ms)
		AnalyzeDomain (201ms)
			TypeCache.Refresh (12ms)
				TypeCache.ScanAssembly (0ms)
			BuildScriptInfoCaches (175ms)
			ResolveRequiredComponents (8ms)
	FinalizeReload (774ms)
		ReleaseScriptCaches (0ms)
		RebuildScriptCaches (0ms)
		SetupLoadedEditorAssemblies (635ms)
			LogAssemblyErrors (0ms)
			InitializePlatformSupportModulesInManaged (5ms)
			SetLoadedEditorAssemblies (8ms)
			BeforeProcessingInitializeOnLoad (127ms)
			ProcessInitializeOnLoadAttributes (466ms)
			ProcessInitializeOnLoadMethodAttributes (24ms)
			AfterProcessingInitializeOnLoad (5ms)
			EditorAssembliesLoaded (0ms)
		ExecutionOrderSort2 (0ms)
		AwakeInstancesAfterBackupRestoration (6ms)
Refreshing native plugins compatible for Editor in 4.38 ms, found 3 plugins.
Preloading 0 native plugins for Editor in 0.00 ms.
Unloading 0 Unused Serialized files (Serialized files now loaded: 0)
Unloading 3681 unused Assets / (0.8 MB). Loaded Objects now: 4179.
Memory consumption went from 87.1 MB to 86.4 MB.
Total: 11.521600 ms (FindLiveObjects: 0.677500 ms CreateObjectMapping: 0.285500 ms MarkObjects: 9.179100 ms  DeleteObjects: 1.376300 ms)

Prepare: number of updated asset objects reloaded= 0
========================================================================
Received Prepare
Begin MonoManager ReloadAssembly
- Loaded All Assemblies, in  0.730 seconds
Refreshing native plugins compatible for Editor in 3.12 ms, found 3 plugins.
Native extension for WindowsStandalone target not found
Native extension for WebGL target not found
Mono: successfully reloaded assembly
- Finished resetting the current domain, in  0.835 seconds
Domain Reload Profiling: 1564ms
	BeginReloadAssembly (221ms)
		ExecutionOrderSort (0ms)
		DisableScriptedObjects (7ms)
		BackupInstance (0ms)
		ReleaseScriptingObjects (0ms)
		CreateAndSetChildDomain (44ms)
	RebuildCommonClasses (45ms)
	RebuildNativeTypeToScriptingClass (14ms)
	initialDomainReloadingComplete (31ms)
	LoadAllAssembliesAndSetupDomain (417ms)
		LoadAssemblies (377ms)
		RebuildTransferFunctionScriptingTraits (0ms)
		AnalyzeDomain (163ms)
			TypeCache.Refresh (7ms)
				TypeCache.ScanAssembly (0ms)
			BuildScriptInfoCaches (146ms)
			ResolveRequiredComponents (5ms)
	FinalizeReload (835ms)
		ReleaseScriptCaches (0ms)
		RebuildScriptCaches (0ms)
		SetupLoadedEditorAssemblies (655ms)
			LogAssemblyErrors (0ms)
			InitializePlatformSupportModulesInManaged (4ms)
			SetLoadedEditorAssemblies (6ms)
			BeforeProcessingInitializeOnLoad (124ms)
			ProcessInitializeOnLoadAttributes (482ms)
			ProcessInitializeOnLoadMethodAttributes (31ms)
			AfterProcessingInitializeOnLoad (7ms)
			EditorAssembliesLoaded (0ms)
		ExecutionOrderSort2 (0ms)
		AwakeInstancesAfterBackupRestoration (7ms)
Refreshing native plugins compatible for Editor in 1.68 ms, found 3 plugins.
Preloading 0 native plugins for Editor in 0.00 ms.
Unloading 0 Unused Serialized files (Serialized files now loaded: 0)
Unloading 3681 unused Assets / (1.0 MB). Loaded Objects now: 4179.
Memory consumption went from 87.1 MB to 86.1 MB.
Total: 8.290100 ms (FindLiveObjects: 0.395900 ms CreateObjectMapping: 0.379200 ms MarkObjects: 6.232200 ms  DeleteObjects: 1.281000 ms)

Prepare: number of updated asset objects reloaded= 0
========================================================================
Received Prepare
Refreshing native plugins compatible for Editor in 1.87 ms, found 3 plugins.
Preloading 0 native plugins for Editor in 0.00 ms.
Unloading 0 Unused Serialized files (Serialized files now loaded: 0)
Unloading 3674 unused Assets / (0.9 MB). Loaded Objects now: 4179.
Memory consumption went from 87.3 MB to 86.5 MB.
Total: 8.035200 ms (FindLiveObjects: 0.371100 ms CreateObjectMapping: 0.324800 ms MarkObjects: 6.306700 ms  DeleteObjects: 1.030600 ms)

Prepare: number of updated asset objects reloaded= 0
========================================================================
Received Prepare
Begin MonoManager ReloadAssembly
- Loaded All Assemblies, in  0.830 seconds
Refreshing native plugins compatible for Editor in 1.39 ms, found 3 plugins.
Native extension for WindowsStandalone target not found
Native extension for WebGL target not found
Mono: successfully reloaded assembly
- Finished resetting the current domain, in  0.855 seconds
Domain Reload Profiling: 1682ms
	BeginReloadAssembly (256ms)
		ExecutionOrderSort (0ms)
		DisableScriptedObjects (7ms)
		BackupInstance (0ms)
		ReleaseScriptingObjects (0ms)
		CreateAndSetChildDomain (52ms)
	RebuildCommonClasses (55ms)
	RebuildNativeTypeToScriptingClass (13ms)
	initialDomainReloadingComplete (37ms)
	LoadAllAssembliesAndSetupDomain (466ms)
		LoadAssemblies (414ms)
		RebuildTransferFunctionScriptingTraits (0ms)
		AnalyzeDomain (198ms)
			TypeCache.Refresh (9ms)
				TypeCache.ScanAssembly (0ms)
			BuildScriptInfoCaches (175ms)
			ResolveRequiredComponents (8ms)
	FinalizeReload (855ms)
		ReleaseScriptCaches (0ms)
		RebuildScriptCaches (0ms)
		SetupLoadedEditorAssemblies (691ms)
			LogAssemblyErrors (0ms)
			InitializePlatformSupportModulesInManaged (6ms)
			SetLoadedEditorAssemblies (6ms)
			BeforeProcessingInitializeOnLoad (131ms)
			ProcessInitializeOnLoadAttributes (508ms)
			ProcessInitializeOnLoadMethodAttributes (32ms)
			AfterProcessingInitializeOnLoad (7ms)
			EditorAssembliesLoaded (0ms)
		ExecutionOrderSort2 (0ms)
		AwakeInstancesAfterBackupRestoration (8ms)
Refreshing native plugins compatible for Editor in 1.60 ms, found 3 plugins.
Preloading 0 native plugins for Editor in 0.00 ms.
Unloading 0 Unused Serialized files (Serialized files now loaded: 0)
Unloading 3681 unused Assets / (0.8 MB). Loaded Objects now: 4179.
Memory consumption went from 87.1 MB to 86.4 MB.
Total: 9.541000 ms (FindLiveObjects: 0.581600 ms CreateObjectMapping: 0.345400 ms MarkObjects: 7.411900 ms  DeleteObjects: 1.200100 ms)

Prepare: number of updated asset objects reloaded= 0
========================================================================
Received Prepare
Begin MonoManager ReloadAssembly
- Loaded All Assemblies, in  0.720 seconds
Refreshing native plugins compatible for Editor in 1.70 ms, found 3 plugins.
Native extension for WindowsStandalone target not found
Native extension for WebGL target not found
Mono: successfully reloaded assembly
- Finished resetting the current domain, in  0.895 seconds
Domain Reload Profiling: 1614ms
	BeginReloadAssembly (228ms)
		ExecutionOrderSort (0ms)
		DisableScriptedObjects (5ms)
		BackupInstance (0ms)
		ReleaseScriptingObjects (0ms)
		CreateAndSetChildDomain (43ms)
	RebuildCommonClasses (39ms)
	RebuildNativeTypeToScriptingClass (12ms)
	initialDomainReloadingComplete (28ms)
	LoadAllAssembliesAndSetupDomain (411ms)
		LoadAssemblies (354ms)
		RebuildTransferFunctionScriptingTraits (0ms)
		AnalyzeDomain (183ms)
			TypeCache.Refresh (7ms)
				TypeCache.ScanAssembly (0ms)
			BuildScriptInfoCaches (165ms)
			ResolveRequiredComponents (5ms)
	FinalizeReload (896ms)
		ReleaseScriptCaches (0ms)
		RebuildScriptCaches (0ms)
		SetupLoadedEditorAssemblies (719ms)
			LogAssemblyErrors (0ms)
			InitializePlatformSupportModulesInManaged (5ms)
			SetLoadedEditorAssemblies (6ms)
			BeforeProcessingInitializeOnLoad (133ms)
			ProcessInitializeOnLoadAttributes (537ms)
			ProcessInitializeOnLoadMethodAttributes (31ms)
			AfterProcessingInitializeOnLoad (6ms)
			EditorAssembliesLoaded (0ms)
		ExecutionOrderSort2 (0ms)
		AwakeInstancesAfterBackupRestoration (9ms)
Refreshing native plugins compatible for Editor in 1.76 ms, found 3 plugins.
Preloading 0 native plugins for Editor in 0.00 ms.
Unloading 0 Unused Serialized files (Serialized files now loaded: 0)
Unloading 3681 unused Assets / (0.8 MB). Loaded Objects now: 4179.
Memory consumption went from 87.1 MB to 86.3 MB.
Total: 8.193000 ms (FindLiveObjects: 0.549700 ms CreateObjectMapping: 0.492200 ms MarkObjects: 6.087200 ms  DeleteObjects: 1.062100 ms)

Prepare: number of updated asset objects reloaded= 0
========================================================================
Received Prepare
Begin MonoManager ReloadAssembly
- Loaded All Assemblies, in  0.631 seconds
Refreshing native plugins compatible for Editor in 0.96 ms, found 3 plugins.
Native extension for WindowsStandalone target not found
Native extension for WebGL target not found
Mono: successfully reloaded assembly
- Finished resetting the current domain, in  0.844 seconds
Domain Reload Profiling: 1474ms
	BeginReloadAssembly (195ms)
		ExecutionOrderSort (0ms)
		DisableScriptedObjects (6ms)
		BackupInstance (0ms)
		ReleaseScriptingObjects (0ms)
		CreateAndSetChildDomain (38ms)
	RebuildCommonClasses (37ms)
	RebuildNativeTypeToScriptingClass (12ms)
	initialDomainReloadingComplete (28ms)
	LoadAllAssembliesAndSetupDomain (357ms)
		LoadAssemblies (311ms)
		RebuildTransferFunctionScriptingTraits (0ms)
		AnalyzeDomain (156ms)
			TypeCache.Refresh (6ms)
				TypeCache.ScanAssembly (0ms)
			BuildScriptInfoCaches (141ms)
			ResolveRequiredComponents (5ms)
	FinalizeReload (845ms)
		ReleaseScriptCaches (0ms)
		RebuildScriptCaches (0ms)
		SetupLoadedEditorAssemblies (669ms)
			LogAssemblyErrors (0ms)
			InitializePlatformSupportModulesInManaged (4ms)
			SetLoadedEditorAssemblies (6ms)
			BeforeProcessingInitializeOnLoad (114ms)
			ProcessInitializeOnLoadAttributes (507ms)
			ProcessInitializeOnLoadMethodAttributes (32ms)
			AfterProcessingInitializeOnLoad (6ms)
			EditorAssembliesLoaded (0ms)
		ExecutionOrderSort2 (0ms)
		AwakeInstancesAfterBackupRestoration (7ms)
Refreshing native plugins compatible for Editor in 2.62 ms, found 3 plugins.
Preloading 0 native plugins for Editor in 0.00 ms.
Unloading 0 Unused Serialized files (Serialized files now loaded: 0)
Unloading 3681 unused Assets / (1.2 MB). Loaded Objects now: 4179.
Memory consumption went from 87.1 MB to 86.0 MB.
Total: 8.856000 ms (FindLiveObjects: 0.365500 ms CreateObjectMapping: 0.691900 ms MarkObjects: 6.364200 ms  DeleteObjects: 1.432700 ms)

Prepare: number of updated asset objects reloaded= 0
========================================================================
Received Prepare
Refreshing native plugins compatible for Editor in 2.28 ms, found 3 plugins.
Preloading 0 native plugins for Editor in 0.00 ms.
Unloading 0 Unused Serialized files (Serialized files now loaded: 0)
Unloading 3674 unused Assets / (1.0 MB). Loaded Objects now: 4179.
Memory consumption went from 87.3 MB to 86.4 MB.
Total: 9.650300 ms (FindLiveObjects: 0.414000 ms CreateObjectMapping: 0.307000 ms MarkObjects: 7.635300 ms  DeleteObjects: 1.291900 ms)

Prepare: number of updated asset objects reloaded= 0
========================================================================
Received Prepare
Begin MonoManager ReloadAssembly
- Loaded All Assemblies, in  0.904 seconds
Refreshing native plugins compatible for Editor in 2.23 ms, found 3 plugins.
Native extension for WindowsStandalone target not found
Native extension for WebGL target not found
Mono: successfully reloaded assembly
- Finished resetting the current domain, in  0.834 seconds
Domain Reload Profiling: 1732ms
	BeginReloadAssembly (280ms)
		ExecutionOrderSort (0ms)
		DisableScriptedObjects (13ms)
		BackupInstance (0ms)
		ReleaseScriptingObjects (0ms)
		CreateAndSetChildDomain (61ms)
	RebuildCommonClasses (55ms)
	RebuildNativeTypeToScriptingClass (16ms)
	initialDomainReloadingComplete (42ms)
	LoadAllAssembliesAndSetupDomain (504ms)
		LoadAssemblies (476ms)
		RebuildTransferFunctionScriptingTraits (0ms)
		AnalyzeDomain (185ms)
			TypeCache.Refresh (9ms)
				TypeCache.ScanAssembly (0ms)
			BuildScriptInfoCaches (164ms)
			ResolveRequiredComponents (7ms)
	FinalizeReload (834ms)
		ReleaseScriptCaches (0ms)
		RebuildScriptCaches (0ms)
		SetupLoadedEditorAssemblies (628ms)
			LogAssemblyErrors (0ms)
			InitializePlatformSupportModulesInManaged (4ms)
			SetLoadedEditorAssemblies (5ms)
			BeforeProcessingInitializeOnLoad (113ms)
			ProcessInitializeOnLoadAttributes (454ms)
			ProcessInitializeOnLoadMethodAttributes (33ms)
			AfterProcessingInitializeOnLoad (18ms)
			EditorAssembliesLoaded (1ms)
		ExecutionOrderSort2 (0ms)
		AwakeInstancesAfterBackupRestoration (25ms)
Refreshing native plugins compatible for Editor in 3.82 ms, found 3 plugins.
Preloading 0 native plugins for Editor in 0.00 ms.
Unloading 0 Unused Serialized files (Serialized files now loaded: 0)
Unloading 3681 unused Assets / (0.9 MB). Loaded Objects now: 4179.
Memory consumption went from 87.1 MB to 86.2 MB.
Total: 9.268100 ms (FindLiveObjects: 0.426700 ms CreateObjectMapping: 0.347700 ms MarkObjects: 7.215000 ms  DeleteObjects: 1.276900 ms)

Prepare: number of updated asset objects reloaded= 0
========================================================================
Received Prepare
Begin MonoManager ReloadAssembly
- Loaded All Assemblies, in  0.804 seconds
Refreshing native plugins compatible for Editor in 2.58 ms, found 3 plugins.
Native extension for WindowsStandalone target not found
Native extension for WebGL target not found
Mono: successfully reloaded assembly
- Finished resetting the current domain, in  0.861 seconds
Domain Reload Profiling: 1663ms
	BeginReloadAssembly (264ms)
		ExecutionOrderSort (0ms)
		DisableScriptedObjects (7ms)
		BackupInstance (0ms)
		ReleaseScriptingObjects (0ms)
		CreateAndSetChildDomain (54ms)
	RebuildCommonClasses (55ms)
	RebuildNativeTypeToScriptingClass (18ms)
	initialDomainReloadingComplete (29ms)
	LoadAllAssembliesAndSetupDomain (436ms)
		LoadAssemblies (386ms)
		RebuildTransferFunctionScriptingTraits (0ms)
		AnalyzeDomain (202ms)
			TypeCache.Refresh (7ms)
				TypeCache.ScanAssembly (0ms)
			BuildScriptInfoCaches (184ms)
			ResolveRequiredComponents (6ms)
	FinalizeReload (861ms)
		ReleaseScriptCaches (0ms)
		RebuildScriptCaches (0ms)
		SetupLoadedEditorAssemblies (680ms)
			LogAssemblyErrors (0ms)
			InitializePlatformSupportModulesInManaged (4ms)
			SetLoadedEditorAssemblies (5ms)
			BeforeProcessingInitializeOnLoad (125ms)
			ProcessInitializeOnLoadAttributes (501ms)
			ProcessInitializeOnLoadMethodAttributes (36ms)
			AfterProcessingInitializeOnLoad (8ms)
			EditorAssembliesLoaded (0ms)
		ExecutionOrderSort2 (0ms)
		AwakeInstancesAfterBackupRestoration (8ms)
Refreshing native plugins compatible for Editor in 2.03 ms, found 3 plugins.
Preloading 0 native plugins for Editor in 0.00 ms.
Unloading 0 Unused Serialized files (Serialized files now loaded: 0)
Unloading 3681 unused Assets / (0.8 MB). Loaded Objects now: 4179.
Memory consumption went from 87.1 MB to 86.3 MB.
Total: 9.724100 ms (FindLiveObjects: 0.559400 ms CreateObjectMapping: 0.324300 ms MarkObjects: 7.755400 ms  DeleteObjects: 1.083000 ms)

Prepare: number of updated asset objects reloaded= 0
========================================================================
Received Import Request.
  Time since last request: 980.359455 seconds.
  path: Assets/Items/Gasoline.asset
  artifactKey: Guid(288c28c1b1f27174582afb6e593f4ae9) Importer(815301076,1909f56bfc062723c751e8b465ee728b)
Start importing Assets/Items/Gasoline.asset using Guid(288c28c1b1f27174582afb6e593f4ae9) Importer(815301076,1909f56bfc062723c751e8b465ee728b) (PreviewImporter) -> (artifact id: 'a551da5c84214f8e344042368963adf6') in 0.0439132 seconds
Number of updated asset objects reloaded before import = 0Number of asset objects unloaded after import = 2

